00:00:01.610261 VirtualBox VM 7.0.2 r154219 linux.amd64 (Oct 19 2022 20:49:17) release log
00:00:01.610264 Log opened 2022-11-22T16:08:23.642819000Z
00:00:01.610265 Build Type: release
00:00:01.610268 OS Product: Linux
00:00:01.610270 OS Release: 5.4.0-131-generic
00:00:01.610271 OS Version: #147~18.04.1-Ubuntu SMP Sat Oct 15 13:10:18 UTC 2022
00:00:01.610300 DMI Product Name: XPS 13 9343
00:00:01.610311 DMI Product Version: 
00:00:01.610318 Firmware type: UEFI
00:00:01.610522 Secure Boot: Disabled
00:00:01.610570 Host RAM: 7860MB (7.6GB) total, 3199MB (3.1GB) available
00:00:01.610574 Executable: /usr/lib/virtualbox/VirtualBoxVM
00:00:01.610575 Process ID: 12744
00:00:01.610575 Package type: LINUX_64BITS_UBUNTU_18_04
00:00:01.616746 Installed Extension Packs:
00:00:01.616763   Oracle VM VirtualBox Extension Pack (Version: 5.2.42 r137960; VRDE Module: VBoxVRDP; Crypto Module:  unusable because of 'VBoxExtPackVMRegister returned VERR_VERSION_MISMATCH, pReg=0000000000000000 ErrInfo='Helper version mismatch - expected 0x10002 got 0x50000'')
00:00:01.617844 Console: Machine state changed to 'Starting'
00:00:01.639348 Qt version: 5.9.5
00:00:01.639374 X11 Window Manager code: 2
00:00:01.649347 SUP: Opened VMMR0.r0 (/usr/lib/virtualbox/VMMR0.r0) at 0xXXXXXXXXXXXXXXXX.
00:00:01.651517 GUI: UIMediumEnumerator: Medium-enumeration finished!
00:00:01.651517 Guest OS type: 'Linux26_64'
00:00:01.658707 X Server details: vendor: The X.Org Foundation, release: 12008000, protocol version: 11.0, display string: :0
00:00:01.658729 Using XKB for keycode to scan code conversion
00:00:01.659422 fHMForced=true - No raw-mode support in this build!
00:00:01.660982 GUI: UIDesktopWidgetWatchdog::sltHandleHostScreenAvailableGeometryCalculated: Screen 0 work area is actually resized to: 83x34 x 1837x1046
00:00:01.668777 GUI: UIDesktopWidgetWatchdog::sltHandleHostScreenAvailableGeometryCalculated: Screen 1 work area is actually resized to: 1920x0 x 1920x1080
00:00:01.677425 File system of '/home/luca/Scrivania/NSD/labs/lab04-VLAN/lab04-VLAN/project-files/virtualbox/5f719a84-ce72-498a-b0c1-a1acdcc27532/cumulus-1/Snapshots' (snapshots) is ext4
00:00:01.677445 File system of '/home/luca/Scrivania/NSD/labs/lab04-VLAN/lab04-VLAN/project-files/virtualbox/5f719a84-ce72-498a-b0c1-a1acdcc27532/cumulus-1/Snapshots/{502c4eef-8b40-48f6-b2a2-6966cff1b4c0}.vmdk' is ext4
00:00:01.789665 Shared Clipboard: Service loaded
00:00:01.789680 Shared Clipboard: Mode: Off
00:00:01.789731 Shared Clipboard: Service running in normal mode
00:00:01.790913 Drag and drop service loaded
00:00:01.790921 Drag and drop mode: Off
00:00:01.795824 ERROR [COM]: aRC=VBOX_E_IPRT_ERROR (0x80bb0005) aIID={6ac83d89-6ee7-4e33-8ae6-b257b2e81be8} aComponent={ConsoleWrap} aText={The VBoxGuestPropSvc service call failed with the error VERR_HGCM_SERVICE_NOT_FOUND}, preserve=false aResultDetail=-2900
00:00:01.796262 ************************* CFGM dump *************************
00:00:01.796278 [/] (level 0)
00:00:01.796335   CpuExecutionCap   <integer> = 0x0000000000000064 (100)
00:00:01.796938   EnablePAE         <integer> = 0x0000000000000001 (1)
00:00:01.796945   HMEnabled         <integer> = 0x0000000000000001 (1)
00:00:01.796948   MemBalloonSize    <integer> = 0x0000000000000000 (0, 0 B)
00:00:01.796968   Name              <string>  = "cumulus-1" (cb=10)
00:00:01.796972   NumCPUs           <integer> = 0x0000000000000002 (2)
00:00:01.796974   PageFusionAllowed <integer> = 0x0000000000000000 (0)
00:00:01.796975   RamHoleSize       <integer> = 0x0000000020000000 (536 870 912, 512.0 MiB)
00:00:01.796978   RamSize           <integer> = 0x0000000040000000 (1 073 741 824, 1.0 GiB)
00:00:01.796980   TimerMillies      <integer> = 0x000000000000000a (10)
00:00:01.796981   UUID              <bytes>   = "60 9e 1c 5e 8e 34 b8 47 a5 38 65 c9 3b 5d 03 f6" (cb=16)
00:00:01.796986 
00:00:01.797005 [/CPUM/] (level 1)
00:00:01.797008   Enable64bit        <integer> = 0x0000000000000001 (1)
00:00:01.797009   GuestCpuName       <string>  = "host" (cb=5)
00:00:01.797011   NestedHWVirt       <integer> = 0x0000000000000000 (0)
00:00:01.797012   PortableCpuIdLevel <integer> = 0x0000000000000000 (0)
00:00:01.797014   SpecCtrl           <integer> = 0x0000000000000000 (0)
00:00:01.797016 
00:00:01.797017 [/CPUM/IsaExts/] (level 2)
00:00:01.797020 
00:00:01.797030 [/DBGC/] (level 1)
00:00:01.797035   GlobalInitScript <string>  = "/home/luca/.config/VirtualBox/dbgc-init" (cb=40)
00:00:01.797037   HistoryFile      <string>  = "/home/luca/.config/VirtualBox/dbgc-history" (cb=43)
00:00:01.797039   LocalInitScript  <string>  = "/home/luca/Scrivania/NSD/labs/lab04-VLAN/lab04-VLAN/project-files/virtualbox/5f719a84-ce72-498a-b0c1-a1acdcc27532/cumulus-1/dbgc-init" (cb=134)
00:00:01.797041 
00:00:01.797041 [/DBGF/] (level 1)
00:00:01.797043   Path <string>  = "/home/luca/Scrivania/NSD/labs/lab04-VLAN/lab04-VLAN/project-files/virtualbox/5f719a84-ce72-498a-b0c1-a1acdcc27532/cumulus-1/debug/;/home/luca/Scrivania/NSD/labs/lab04-VLAN/lab04-VLAN/project-files/virtualbox/5f719a84-ce72-498a-b0c1-a1acdcc27532/cumulus-1/;cache*/home/luca/Scrivania/NSD/labs/lab04-VLAN/lab04-VLAN/project-files/virtualbox/5f719a84-ce72-498a-b0c1-a1acdcc27532/cumulus-1/dbgcache/;/home/luca/" (cb=408)
00:00:01.797044 
00:00:01.797045 [/Devices/] (level 1)
00:00:01.797046 
00:00:01.797046 [/Devices/3c501/] (level 2)
00:00:01.797048 
00:00:01.797048 [/Devices/8237A/] (level 2)
00:00:01.797050 
00:00:01.797050 [/Devices/8237A/0/] (level 3)
00:00:01.797052   Trusted <integer> = 0x0000000000000001 (1)
00:00:01.797053 
00:00:01.797053 [/Devices/GIMDev/] (level 2)
00:00:01.797055 
00:00:01.797055 [/Devices/GIMDev/0/] (level 3)
00:00:01.797057   Trusted <integer> = 0x0000000000000001 (1)
00:00:01.797058 
00:00:01.797058 [/Devices/VMMDev/] (level 2)
00:00:01.797060 
00:00:01.797060 [/Devices/VMMDev/0/] (level 3)
00:00:01.797062   PCIBusNo      <integer> = 0x0000000000000000 (0)
00:00:01.797063   PCIDeviceNo   <integer> = 0x0000000000000004 (4)
00:00:01.797064   PCIFunctionNo <integer> = 0x0000000000000000 (0)
00:00:01.797065   Trusted       <integer> = 0x0000000000000001 (1)
00:00:01.797066 
00:00:01.797066 [/Devices/VMMDev/0/Config/] (level 4)
00:00:01.797068   GuestCoreDumpDir <string>  = "/home/luca/Scrivania/NSD/labs/lab04-VLAN/lab04-VLAN/project-files/virtualbox/5f719a84-ce72-498a-b0c1-a1acdcc27532/cumulus-1/Snapshots" (cb=134)
00:00:01.797069 
00:00:01.797070 [/Devices/VMMDev/0/LUN#0/] (level 4)
00:00:01.797073   Driver <string>  = "HGCM" (cb=5)
00:00:01.797074 
00:00:01.797075 [/Devices/VMMDev/0/LUN#0/Config/] (level 5)
00:00:01.797078 
00:00:01.797079 [/Devices/VMMDev/0/LUN#999/] (level 4)
00:00:01.797082   Driver <string>  = "MainStatus" (cb=11)
00:00:01.797084 
00:00:01.797084 [/Devices/VMMDev/0/LUN#999/Config/] (level 5)
00:00:01.797087   First                <integer> = 0x0000000000000000 (0)
00:00:01.797089   HasMediumAttachments <integer> = 0x0000000000000000 (0)
00:00:01.797092   Last                 <integer> = 0x0000000000000000 (0)
00:00:01.797095   iLedSet              <integer> = 0x0000000000000008 (8)
00:00:01.797097 
00:00:01.797098 [/Devices/acpi/] (level 2)
00:00:01.797100 
00:00:01.797101 [/Devices/acpi/0/] (level 3)
00:00:01.797104   PCIBusNo      <integer> = 0x0000000000000000 (0)
00:00:01.797106   PCIDeviceNo   <integer> = 0x0000000000000007 (7)
00:00:01.797108   PCIFunctionNo <integer> = 0x0000000000000000 (0)
00:00:01.797110   Trusted       <integer> = 0x0000000000000001 (1)
00:00:01.797112 
00:00:01.797112 [/Devices/acpi/0/Config/] (level 4)
00:00:01.797117   CpuHotPlug          <integer> = 0x0000000000000000 (0)
00:00:01.797119   FdcEnabled          <integer> = 0x0000000000000001 (1)
00:00:01.797120   HostBusPciAddress   <integer> = 0x0000000000000000 (0)
00:00:01.797121   HpetEnabled         <integer> = 0x0000000000000000 (0)
00:00:01.797122   IOAPIC              <integer> = 0x0000000000000001 (1)
00:00:01.797123   IocPciAddress       <integer> = 0x0000000000010000 (65 536)
00:00:01.797125   NumCPUs             <integer> = 0x0000000000000002 (2)
00:00:01.797126   Parallel0IoPortBase <integer> = 0x0000000000000000 (0)
00:00:01.797127   Parallel0Irq        <integer> = 0x0000000000000000 (0)
00:00:01.797128   Parallel1IoPortBase <integer> = 0x0000000000000000 (0)
00:00:01.797129   Parallel1Irq        <integer> = 0x0000000000000000 (0)
00:00:01.797130   Serial0IoPortBase   <integer> = 0x00000000000003f8 (1 016)
00:00:01.797132   Serial0Irq          <integer> = 0x0000000000000004 (4)
00:00:01.797133   Serial1IoPortBase   <integer> = 0x0000000000000000 (0)
00:00:01.797134   Serial1Irq          <integer> = 0x0000000000000000 (0)
00:00:01.797135   ShowCpu             <integer> = 0x0000000000000001 (1)
00:00:01.797136   ShowRtc             <integer> = 0x0000000000000000 (0)
00:00:01.797137   SmcEnabled          <integer> = 0x0000000000000000 (0)
00:00:01.797139 
00:00:01.797139 [/Devices/acpi/0/LUN#0/] (level 4)
00:00:01.797141   Driver <string>  = "ACPIHost" (cb=9)
00:00:01.797142 
00:00:01.797142 [/Devices/acpi/0/LUN#0/Config/] (level 5)
00:00:01.797144 
00:00:01.797144 [/Devices/acpi/0/LUN#1/] (level 4)
00:00:01.797146   Driver <string>  = "ACPICpu" (cb=8)
00:00:01.797147 
00:00:01.797147 [/Devices/acpi/0/LUN#1/Config/] (level 5)
00:00:01.797149 
00:00:01.797149 [/Devices/apic/] (level 2)
00:00:01.797151 
00:00:01.797151 [/Devices/apic/0/] (level 3)
00:00:01.797152   Trusted <integer> = 0x0000000000000001 (1)
00:00:01.797153 
00:00:01.797154 [/Devices/apic/0/Config/] (level 4)
00:00:01.797156   IOAPIC  <integer> = 0x0000000000000001 (1)
00:00:01.797157   Mode    <integer> = 0x0000000000000003 (3)
00:00:01.797158   NumCPUs <integer> = 0x0000000000000002 (2)
00:00:01.797159 
00:00:01.797159 [/Devices/dp8390/] (level 2)
00:00:01.797161 
00:00:01.797161 [/Devices/e1000/] (level 2)
00:00:01.797162 
00:00:01.797163 [/Devices/i82078/] (level 2)
00:00:01.797164 
00:00:01.797164 [/Devices/i82078/0/] (level 3)
00:00:01.797166   Trusted <integer> = 0x0000000000000001 (1)
00:00:01.797167 
00:00:01.797167 [/Devices/i82078/0/Config/] (level 4)
00:00:01.797169   DMA       <integer> = 0x0000000000000002 (2)
00:00:01.797170   IOBase    <integer> = 0x00000000000003f0 (1 008)
00:00:01.797171   IRQ       <integer> = 0x0000000000000006 (6)
00:00:01.797172   MemMapped <integer> = 0x0000000000000000 (0)
00:00:01.797174 
00:00:01.797174 [/Devices/i82078/0/LUN#0/] (level 4)
00:00:01.797176   Driver <string>  = "VD" (cb=3)
00:00:01.797176 
00:00:01.797177 [/Devices/i82078/0/LUN#0/Config/] (level 5)
00:00:01.797179   EmptyDrive <integer> = 0x0000000000000001 (1)
00:00:01.797180   Mountable  <integer> = 0x0000000000000001 (1)
00:00:01.797181   Type       <string>  = "Floppy 1.44" (cb=12)
00:00:01.797182 
00:00:01.797182 [/Devices/i82078/0/LUN#999/] (level 4)
00:00:01.797184   Driver <string>  = "MainStatus" (cb=11)
00:00:01.797185 
00:00:01.797185 [/Devices/i82078/0/LUN#999/Config/] (level 5)
00:00:01.797189   DeviceInstance       <string>  = "i82078/0" (cb=9)
00:00:01.797191   First                <integer> = 0x0000000000000000 (0)
00:00:01.797193   HasMediumAttachments <integer> = 0x0000000000000001 (1)
00:00:01.797195   Last                 <integer> = 0x0000000000000001 (1)
00:00:01.797198   iLedSet              <integer> = 0x0000000000000003 (3)
00:00:01.797200 
00:00:01.797201 [/Devices/i8254/] (level 2)
00:00:01.797203 
00:00:01.797204 [/Devices/i8254/0/] (level 3)
00:00:01.797207 
00:00:01.797208 [/Devices/i8254/0/Config/] (level 4)
00:00:01.797211 
00:00:01.797212 [/Devices/i8259/] (level 2)
00:00:01.797214 
00:00:01.797215 [/Devices/i8259/0/] (level 3)
00:00:01.797217   Trusted <integer> = 0x0000000000000001 (1)
00:00:01.797219 
00:00:01.797219 [/Devices/i8259/0/Config/] (level 4)
00:00:01.797222 
00:00:01.797222 [/Devices/ichac97/] (level 2)
00:00:01.797225 
00:00:01.797226 [/Devices/ichac97/0/] (level 3)
00:00:01.797229   PCIBusNo      <integer> = 0x0000000000000000 (0)
00:00:01.797274   PCIDeviceNo   <integer> = 0x0000000000000005 (5)
00:00:01.797276   PCIFunctionNo <integer> = 0x0000000000000000 (0)
00:00:01.797277   Trusted       <integer> = 0x0000000000000001 (1)
00:00:01.797279 
00:00:01.797280 [/Devices/ichac97/0/AudioConfig/] (level 4)
00:00:01.797283 
00:00:01.797284 [/Devices/ichac97/0/Config/] (level 4)
00:00:01.797286   Codec        <string>  = "STAC9700" (cb=9)
00:00:01.797289   DebugEnabled <integer> = 0x0000000000000000 (0)
00:00:01.797291 
00:00:01.797291 [/Devices/ichac97/0/LUN#0/] (level 4)
00:00:01.797294   Driver <string>  = "AUDIO" (cb=6)
00:00:01.797296 
00:00:01.797297 [/Devices/ichac97/0/LUN#0/AttachedDriver/] (level 5)
00:00:01.797300   Driver <string>  = "PulseAudio" (cb=11)
00:00:01.797301 
00:00:01.797302 [/Devices/ichac97/0/LUN#0/AttachedDriver/Config/] (level 6)
00:00:01.797306   VmName <string>  = "cumulus-1" (cb=10)
00:00:01.797308 
00:00:01.797308 [/Devices/ichac97/0/LUN#0/Config/] (level 5)
00:00:01.797312   DriverName    <string>  = "PulseAudio" (cb=11)
00:00:01.797314   InputEnabled  <integer> = 0x0000000000000000 (0)
00:00:01.797316   OutputEnabled <integer> = 0x0000000000000000 (0)
00:00:01.797318 
00:00:01.797319 [/Devices/ichac97/0/LUN#1/] (level 4)
00:00:01.797322   Driver <string>  = "AUDIO" (cb=6)
00:00:01.797323 
00:00:01.797324 [/Devices/ichac97/0/LUN#2/] (level 4)
00:00:01.797327   Driver <string>  = "AUDIO" (cb=6)
00:00:01.797328 
00:00:01.797329 [/Devices/ioapic/] (level 2)
00:00:01.797331 
00:00:01.797332 [/Devices/ioapic/0/] (level 3)
00:00:01.797335   Trusted <integer> = 0x0000000000000001 (1)
00:00:01.797337 
00:00:01.797338 [/Devices/ioapic/0/Config/] (level 4)
00:00:01.797341   NumCPUs <integer> = 0x0000000000000002 (2)
00:00:01.797343 
00:00:01.797344 [/Devices/lsilogicscsi/] (level 2)
00:00:01.797346 
00:00:01.797347 [/Devices/lsilogicscsi/0/] (level 3)
00:00:01.797348   PCIBusNo      <integer> = 0x0000000000000000 (0)
00:00:01.797349   PCIDeviceNo   <integer> = 0x0000000000000014 (20)
00:00:01.797351   PCIFunctionNo <integer> = 0x0000000000000000 (0)
00:00:01.797352   Trusted       <integer> = 0x0000000000000001 (1)
00:00:01.797353 
00:00:01.797353 [/Devices/lsilogicscsi/0/Config/] (level 4)
00:00:01.797355   Bootable <integer> = 0x0000000000000001 (1)
00:00:01.797356 
00:00:01.797356 [/Devices/lsilogicscsi/0/LUN#0/] (level 4)
00:00:01.797360   Driver <string>  = "SCSI" (cb=5)
00:00:01.797361 
00:00:01.797361 [/Devices/lsilogicscsi/0/LUN#0/AttachedDriver/] (level 5)
00:00:01.797363   Driver <string>  = "VD" (cb=3)
00:00:01.797364 
00:00:01.797364 [/Devices/lsilogicscsi/0/LUN#0/AttachedDriver/Config/] (level 6)
00:00:01.797369   BlockCache <integer> = 0x0000000000000001 (1)
00:00:01.797370   Format     <string>  = "VMDK" (cb=5)
00:00:01.797371   Mountable  <integer> = 0x0000000000000000 (0)
00:00:01.797372   Path       <string>  = "/home/luca/Scrivania/NSD/labs/lab04-VLAN/lab04-VLAN/project-files/virtualbox/5f719a84-ce72-498a-b0c1-a1acdcc27532/cumulus-1/Snapshots/{502c4eef-8b40-48f6-b2a2-6966cff1b4c0}.vmdk" (cb=178)
00:00:01.797373   Type       <string>  = "HardDisk" (cb=9)
00:00:01.797374   UseNewIo   <integer> = 0x0000000000000001 (1)
00:00:01.797375 
00:00:01.797376 [/Devices/lsilogicscsi/0/LUN#0/AttachedDriver/Config/Parent/] (level 7)
00:00:01.797378   Format <string>  = "VMDK" (cb=5)
00:00:01.797379   Path   <string>  = "/home/luca/Scrivania/NSD/labs/lab04-VLAN/lab04-VLAN/project-files/virtualbox/5f719a84-ce72-498a-b0c1-a1acdcc27532/cumulus-1/Snapshots/{0e5219d9-1f97-4f0f-9bf6-0bf8acc6f261}.vmdk" (cb=178)
00:00:01.797381 
00:00:01.797381 [/Devices/lsilogicscsi/0/LUN#0/AttachedDriver/Config/Parent/Parent/] (level 8)
00:00:01.797383   Format <string>  = "VMDK" (cb=5)
00:00:01.797384   Path   <string>  = "/home/luca/VirtualBox VMs/cumulus-linux-vx-amd64-4.4.1.1019/cumulus-linux-vx-amd64-4.4.1.1019-disk1_1.vmdk" (cb=107)
00:00:01.797385 
00:00:01.797386 [/Devices/lsilogicscsi/0/LUN#0/AttachedDriver/Config/Parent/Parent/VDConfig/] (level 9)
00:00:01.797390 
00:00:01.797391 [/Devices/lsilogicscsi/0/LUN#0/AttachedDriver/Config/Parent/VDConfig/] (level 8)
00:00:01.797395 
00:00:01.797396 [/Devices/lsilogicscsi/0/LUN#0/AttachedDriver/Config/VDConfig/] (level 7)
00:00:01.797400 
00:00:01.797401 [/Devices/lsilogicscsi/0/LUN#999/] (level 4)
00:00:01.797404   Driver <string>  = "MainStatus" (cb=11)
00:00:01.797405 
00:00:01.797406 [/Devices/lsilogicscsi/0/LUN#999/Config/] (level 5)
00:00:01.797410   DeviceInstance       <string>  = "lsilogicscsi/0" (cb=15)
00:00:01.797412   First                <integer> = 0x0000000000000000 (0)
00:00:01.797415   HasMediumAttachments <integer> = 0x0000000000000001 (1)
00:00:01.797417   Last                 <integer> = 0x000000000000000f (15)
00:00:01.797419   iLedSet              <integer> = 0x0000000000000002 (2)
00:00:01.797421 
00:00:01.797422 [/Devices/mc146818/] (level 2)
00:00:01.797425 
00:00:01.797425 [/Devices/mc146818/0/] (level 3)
00:00:01.797428 
00:00:01.797428 [/Devices/mc146818/0/Config/] (level 4)
00:00:01.797432   UseUTC <integer> = 0x0000000000000000 (0)
00:00:01.797433 
00:00:01.797434 [/Devices/parallel/] (level 2)
00:00:01.797438 
00:00:01.797438 [/Devices/pcarch/] (level 2)
00:00:01.797441 
00:00:01.797442 [/Devices/pcarch/0/] (level 3)
00:00:01.797444   Trusted <integer> = 0x0000000000000001 (1)
00:00:01.797445 
00:00:01.797447 [/Devices/pcarch/0/Config/] (level 4)
00:00:01.797449 
00:00:01.797450 [/Devices/pcbios/] (level 2)
00:00:01.797452 
00:00:01.797453 [/Devices/pcbios/0/] (level 3)
00:00:01.797455   Trusted <integer> = 0x0000000000000001 (1)
00:00:01.797457 
00:00:01.797458 [/Devices/pcbios/0/Config/] (level 4)
00:00:01.797461   APIC               <integer> = 0x0000000000000001 (1)
00:00:01.797464   BootDevice0        <string>  = "FLOPPY" (cb=7)
00:00:01.797585   BootDevice1        <string>  = "DVD" (cb=4)
00:00:01.797587   BootDevice2        <string>  = "IDE" (cb=4)
00:00:01.797588   BootDevice3        <string>  = "NONE" (cb=5)
00:00:01.797590   FloppyDevice       <string>  = "i82078" (cb=7)
00:00:01.797592   HardDiskDevice     <string>  = "piix3ide" (cb=9)
00:00:01.797594   IOAPIC             <integer> = 0x0000000000000001 (1)
00:00:01.797596   McfgBase           <integer> = 0x0000000000000000 (0)
00:00:01.797599   McfgLength         <integer> = 0x0000000000000000 (0)
00:00:01.797601   NumCPUs            <integer> = 0x0000000000000002 (2)
00:00:01.797602   PXEDebug           <integer> = 0x0000000000000000 (0)
00:00:01.797604   ScsiHardDiskDevice <string>  = "lsilogicscsi" (cb=13)
00:00:01.797605   ScsiLUN1           <integer> = 0x0000000000000000 (0)
00:00:01.797606   UUID               <bytes>   = "60 9e 1c 5e 8e 34 b8 47 a5 38 65 c9 3b 5d 03 f6" (cb=16)
00:00:01.797611   UuidLe             <integer> = 0x0000000000000000 (0)
00:00:01.797612 
00:00:01.797613 [/Devices/pcbios/0/Config/NetBoot/] (level 5)
00:00:01.797615 
00:00:01.797615 [/Devices/pcbios/0/Config/NetBoot/0/] (level 6)
00:00:01.797618   NIC           <integer> = 0x0000000000000000 (0)
00:00:01.797619   PCIBusNo      <integer> = 0x0000000000000000 (0)
00:00:01.797620   PCIDeviceNo   <integer> = 0x0000000000000003 (3)
00:00:01.797621   PCIFunctionNo <integer> = 0x0000000000000000 (0)
00:00:01.797622 
00:00:01.797623 [/Devices/pci/] (level 2)
00:00:01.797624 
00:00:01.797625 [/Devices/pci/0/] (level 3)
00:00:01.797627   Trusted <integer> = 0x0000000000000001 (1)
00:00:01.797628 
00:00:01.797629 [/Devices/pci/0/Config/] (level 4)
00:00:01.797632   IOAPIC <integer> = 0x0000000000000001 (1)
00:00:01.797634 
00:00:01.797634 [/Devices/pcibridge/] (level 2)
00:00:01.797637 
00:00:01.797638 [/Devices/pckbd/] (level 2)
00:00:01.797640 
00:00:01.797641 [/Devices/pckbd/0/] (level 3)
00:00:01.797644   Trusted <integer> = 0x0000000000000001 (1)
00:00:01.797647 
00:00:01.797647 [/Devices/pckbd/0/Config/] (level 4)
00:00:01.797650 
00:00:01.797651 [/Devices/pckbd/0/LUN#0/] (level 4)
00:00:01.797654   Driver <string>  = "KeyboardQueue" (cb=14)
00:00:01.797655 
00:00:01.797656 [/Devices/pckbd/0/LUN#0/AttachedDriver/] (level 5)
00:00:01.797657   Driver <string>  = "MainKeyboard" (cb=13)
00:00:01.797659 
00:00:01.797659 [/Devices/pckbd/0/LUN#0/Config/] (level 5)
00:00:01.797661   QueueSize <integer> = 0x0000000000000040 (64, 64 B)
00:00:01.797663 
00:00:01.797664 [/Devices/pckbd/0/LUN#1/] (level 4)
00:00:01.797665   Driver <string>  = "MouseQueue" (cb=11)
00:00:01.797666 
00:00:01.797667 [/Devices/pckbd/0/LUN#1/AttachedDriver/] (level 5)
00:00:01.797669   Driver <string>  = "MainMouse" (cb=10)
00:00:01.797670 
00:00:01.797670 [/Devices/pckbd/0/LUN#1/Config/] (level 5)
00:00:01.797672   QueueSize <integer> = 0x0000000000000080 (128, 128 B)
00:00:01.797673 
00:00:01.797674 [/Devices/pcnet/] (level 2)
00:00:01.797675 
00:00:01.797676 [/Devices/piix3ide/] (level 2)
00:00:01.797677 
00:00:01.797677 [/Devices/piix3ide/0/] (level 3)
00:00:01.797679   PCIBusNo      <integer> = 0x0000000000000000 (0)
00:00:01.797681   PCIDeviceNo   <integer> = 0x0000000000000001 (1)
00:00:01.797682   PCIFunctionNo <integer> = 0x0000000000000001 (1)
00:00:01.797684   Trusted       <integer> = 0x0000000000000001 (1)
00:00:01.797686 
00:00:01.797687 [/Devices/piix3ide/0/Config/] (level 4)
00:00:01.797691   Type <string>  = "PIIX4" (cb=6)
00:00:01.797692 
00:00:01.797693 [/Devices/piix3ide/0/LUN#999/] (level 4)
00:00:01.797696   Driver <string>  = "MainStatus" (cb=11)
00:00:01.797697 
00:00:01.797698 [/Devices/piix3ide/0/LUN#999/Config/] (level 5)
00:00:01.797701   DeviceInstance       <string>  = "piix3ide/0" (cb=11)
00:00:01.797761   First                <integer> = 0x0000000000000000 (0)
00:00:01.797763   HasMediumAttachments <integer> = 0x0000000000000001 (1)
00:00:01.797764   Last                 <integer> = 0x0000000000000003 (3)
00:00:01.797765   iLedSet              <integer> = 0x0000000000000001 (1)
00:00:01.797766 
00:00:01.797767 [/Devices/serial/] (level 2)
00:00:01.797768 
00:00:01.797769 [/Devices/serial/0/] (level 3)
00:00:01.797770   Trusted <integer> = 0x0000000000000001 (1)
00:00:01.797771 
00:00:01.797772 [/Devices/serial/0/Config/] (level 4)
00:00:01.797773   IOBase   <integer> = 0x00000000000003f8 (1 016)
00:00:01.797775   IRQ      <integer> = 0x0000000000000004 (4)
00:00:01.797776   UartType <string>  = "16550A" (cb=7)
00:00:01.797777 
00:00:01.797777 [/Devices/serial/0/LUN#0/] (level 4)
00:00:01.797779   Driver <string>  = "Char" (cb=5)
00:00:01.797780 
00:00:01.797780 [/Devices/serial/0/LUN#0/AttachedDriver/] (level 5)
00:00:01.797782   Driver <string>  = "NamedPipe" (cb=10)
00:00:01.797783 
00:00:01.797783 [/Devices/serial/0/LUN#0/AttachedDriver/Config/] (level 6)
00:00:01.797786   IsServer <integer> = 0x0000000000000001 (1)
00:00:01.797787   Location <string>  = "/tmp/gns3_vbox/5f719a84-ce72-498a-b0c1-a1acdcc27532" (cb=52)
00:00:01.797788 
00:00:01.797788 [/Devices/vga/] (level 2)
00:00:01.797789 
00:00:01.797790 [/Devices/vga/0/] (level 3)
00:00:01.797791   PCIBusNo      <integer> = 0x0000000000000000 (0)
00:00:01.797793   PCIDeviceNo   <integer> = 0x0000000000000002 (2)
00:00:01.797794   PCIFunctionNo <integer> = 0x0000000000000000 (0)
00:00:01.797795   Trusted       <integer> = 0x0000000000000001 (1)
00:00:01.797796 
00:00:01.797796 [/Devices/vga/0/Config/] (level 4)
00:00:01.797798   3DEnabled        <integer> = 0x0000000000000000 (0)
00:00:01.797799   CustomVideoModes <integer> = 0x0000000000000000 (0)
00:00:01.797800   FadeIn           <integer> = 0x0000000000000001 (1)
00:00:01.797801   FadeOut          <integer> = 0x0000000000000001 (1)
00:00:01.797803   HeightReduction  <integer> = 0x0000000000000000 (0)
00:00:01.797804   LogoFile         <string>  = "" (cb=1)
00:00:01.797805   LogoTime         <integer> = 0x0000000000000000 (0)
00:00:01.797807   MonitorCount     <integer> = 0x0000000000000001 (1)
00:00:01.797809   ShowBootMenu     <integer> = 0x0000000000000002 (2)
00:00:01.797810   VRamSize         <integer> = 0x0000000001000000 (16 777 216, 16.0 MiB)
00:00:01.797814 
00:00:01.797815 [/Devices/vga/0/LUN#0/] (level 4)
00:00:01.797817   Driver <string>  = "MainDisplay" (cb=12)
00:00:01.797819 
00:00:01.797820 [/Devices/vga/0/LUN#0/Config/] (level 5)
00:00:01.797823 
00:00:01.797823 [/Devices/vga/0/LUN#999/] (level 4)
00:00:01.797826   Driver <string>  = "MainStatus" (cb=11)
00:00:01.797828 
00:00:01.797828 [/Devices/vga/0/LUN#999/Config/] (level 5)
00:00:01.797832   First                <integer> = 0x0000000000000000 (0)
00:00:01.797834   HasMediumAttachments <integer> = 0x0000000000000000 (0)
00:00:01.797836   Last                 <integer> = 0x0000000000000000 (0)
00:00:01.797838   iLedSet              <integer> = 0x0000000000000000 (0)
00:00:01.797840 
00:00:01.797841 [/Devices/virtio-net/] (level 2)
00:00:01.797843 
00:00:01.797844 [/Devices/virtio-net/0/] (level 3)
00:00:01.797847   PCIBusNo      <integer> = 0x0000000000000000 (0)
00:00:01.797848   PCIDeviceNo   <integer> = 0x0000000000000003 (3)
00:00:01.797849   PCIFunctionNo <integer> = 0x0000000000000000 (0)
00:00:01.797850   Trusted       <integer> = 0x0000000000000001 (1)
00:00:01.797851 
00:00:01.797851 [/Devices/virtio-net/0/Config/] (level 4)
00:00:01.797853   CableConnected <integer> = 0x0000000000000001 (1)
00:00:01.797854   LineSpeed      <integer> = 0x0000000000000000 (0)
00:00:01.797855   MAC            <bytes>   = "08 00 27 18 2f 7a" (cb=6)
00:00:01.797858 
00:00:01.797859 [/Devices/virtio-net/0/LUN#0/] (level 4)
00:00:01.797860   Driver <string>  = "IntNet" (cb=7)
00:00:01.797861 
00:00:01.797862 [/Devices/virtio-net/0/LUN#0/Config/] (level 5)
00:00:01.797864   IfPolicyPromisc <string>  = "deny" (cb=5)
00:00:01.797865   Network         <string>  = "HostInterfaceNetworking-vboxnet0" (cb=33)
00:00:01.797866   Trunk           <string>  = "vboxnet0" (cb=9)
00:00:01.797867   TrunkType       <integer> = 0x0000000000000003 (3)
00:00:01.797868 
00:00:01.797869 [/Devices/virtio-net/0/LUN#999/] (level 4)
00:00:01.797870   Driver <string>  = "MainStatus" (cb=11)
00:00:01.797871 
00:00:01.797872 [/Devices/virtio-net/0/LUN#999/Config/] (level 5)
00:00:01.797874   First                <integer> = 0x0000000000000000 (0)
00:00:01.797875   HasMediumAttachments <integer> = 0x0000000000000000 (0)
00:00:01.797876   Last                 <integer> = 0x0000000000000000 (0)
00:00:01.797877   iLedSet              <integer> = 0x0000000000000004 (4)
00:00:01.797878 
00:00:01.797879 [/Devices/virtio-net/1/] (level 3)
00:00:01.797882   PCIBusNo      <integer> = 0x0000000000000000 (0)
00:00:01.797884   PCIDeviceNo   <integer> = 0x0000000000000008 (8)
00:00:01.797886   PCIFunctionNo <integer> = 0x0000000000000000 (0)
00:00:01.797888   Trusted       <integer> = 0x0000000000000001 (1)
00:00:01.797890 
00:00:01.797890 [/Devices/virtio-net/1/Config/] (level 4)
00:00:01.797893   CableConnected <integer> = 0x0000000000000001 (1)
00:00:01.797894   LineSpeed      <integer> = 0x0000000000000000 (0)
00:00:01.797896   MAC            <bytes>   = "08 00 27 b3 7e 11" (cb=6)
00:00:01.797900 
00:00:01.797900 [/Devices/virtio-net/1/LUN#0/] (level 4)
00:00:01.797904   Driver <string>  = "UDPTunnel" (cb=10)
00:00:01.797905 
00:00:01.797906 [/Devices/virtio-net/1/LUN#0/Config/] (level 5)
00:00:01.797909   dest  <string>  = "127.0.0.1" (cb=10)
00:00:01.797981   dport <string>  = "10015" (cb=6)
00:00:01.797982   sport <string>  = "10014" (cb=6)
00:00:01.797984 
00:00:01.797985 [/Devices/virtio-net/1/LUN#999/] (level 4)
00:00:01.797988   Driver <string>  = "MainStatus" (cb=11)
00:00:01.797990 
00:00:01.797990 [/Devices/virtio-net/1/LUN#999/Config/] (level 5)
00:00:01.797994   First                <integer> = 0x0000000000000000 (0)
00:00:01.797997   HasMediumAttachments <integer> = 0x0000000000000000 (0)
00:00:01.797999   Last                 <integer> = 0x0000000000000000 (0)
00:00:01.798001   iLedSet              <integer> = 0x0000000000000005 (5)
00:00:01.798003 
00:00:01.798004 [/Devices/virtio-net/2/] (level 3)
00:00:01.798007   PCIBusNo      <integer> = 0x0000000000000000 (0)
00:00:01.798009   PCIDeviceNo   <integer> = 0x0000000000000009 (9)
00:00:01.798011   PCIFunctionNo <integer> = 0x0000000000000000 (0)
00:00:01.798013   Trusted       <integer> = 0x0000000000000001 (1)
00:00:01.798015 
00:00:01.798016 [/Devices/virtio-net/2/Config/] (level 4)
00:00:01.798019   CableConnected <integer> = 0x0000000000000001 (1)
00:00:01.798021   LineSpeed      <integer> = 0x0000000000000000 (0)
00:00:01.798023   MAC            <bytes>   = "08 00 27 32 13 2f" (cb=6)
00:00:01.798027 
00:00:01.798028 [/Devices/virtio-net/2/LUN#0/] (level 4)
00:00:01.798032   Driver <string>  = "UDPTunnel" (cb=10)
00:00:01.798033 
00:00:01.798033 [/Devices/virtio-net/2/LUN#0/Config/] (level 5)
00:00:01.798037   dest  <string>  = "127.0.0.1" (cb=10)
00:00:01.798038   dport <string>  = "10019" (cb=6)
00:00:01.798066   sport <string>  = "10018" (cb=6)
00:00:01.798067 
00:00:01.798068 [/Devices/virtio-net/2/LUN#999/] (level 4)
00:00:01.798070   Driver <string>  = "MainStatus" (cb=11)
00:00:01.798071 
00:00:01.798071 [/Devices/virtio-net/2/LUN#999/Config/] (level 5)
00:00:01.798074   First                <integer> = 0x0000000000000000 (0)
00:00:01.798077   HasMediumAttachments <integer> = 0x0000000000000000 (0)
00:00:01.798078   Last                 <integer> = 0x0000000000000000 (0)
00:00:01.798081   iLedSet              <integer> = 0x0000000000000006 (6)
00:00:01.798083 
00:00:01.798084 [/Devices/virtio-net/3/] (level 3)
00:00:01.798087   PCIBusNo      <integer> = 0x0000000000000000 (0)
00:00:01.798089   PCIDeviceNo   <integer> = 0x000000000000000a (10)
00:00:01.798091   PCIFunctionNo <integer> = 0x0000000000000000 (0)
00:00:01.798092   Trusted       <integer> = 0x0000000000000001 (1)
00:00:01.798094 
00:00:01.798095 [/Devices/virtio-net/3/Config/] (level 4)
00:00:01.798099   CableConnected <integer> = 0x0000000000000001 (1)
00:00:01.798100   LineSpeed      <integer> = 0x0000000000000000 (0)
00:00:01.798102   MAC            <bytes>   = "08 00 27 c8 32 57" (cb=6)
00:00:01.798106 
00:00:01.798106 [/Devices/virtio-net/3/LUN#0/] (level 4)
00:00:01.798108   Driver <string>  = "UDPTunnel" (cb=10)
00:00:01.798109 
00:00:01.798109 [/Devices/virtio-net/3/LUN#0/Config/] (level 5)
00:00:01.798111   dest  <string>  = "127.0.0.1" (cb=10)
00:00:01.798112   dport <string>  = "10023" (cb=6)
00:00:01.798113   sport <string>  = "10022" (cb=6)
00:00:01.798114 
00:00:01.798115 [/Devices/virtio-net/3/LUN#999/] (level 4)
00:00:01.798118   Driver <string>  = "MainStatus" (cb=11)
00:00:01.798119 
00:00:01.798120 [/Devices/virtio-net/3/LUN#999/Config/] (level 5)
00:00:01.798123   First                <integer> = 0x0000000000000000 (0)
00:00:01.798126   HasMediumAttachments <integer> = 0x0000000000000000 (0)
00:00:01.798128   Last                 <integer> = 0x0000000000000000 (0)
00:00:01.798130   iLedSet              <integer> = 0x0000000000000007 (7)
00:00:01.798132 
00:00:01.798133 [/EM/] (level 1)
00:00:01.798135   TripleFaultReset <integer> = 0x0000000000000000 (0)
00:00:01.798137 
00:00:01.798137 [/GCM/] (level 1)
00:00:01.798140   FixerSet <integer> = 0x0000000000000000 (0)
00:00:01.798142 
00:00:01.798143 [/GIM/] (level 1)
00:00:01.798146   Provider <string>  = "KVM" (cb=4)
00:00:01.798148 
00:00:01.798148 [/HM/] (level 1)
00:00:01.798177   64bitEnabled        <integer> = 0x0000000000000001 (1)
00:00:01.798180   EnableLargePages    <integer> = 0x0000000000000000 (0)
00:00:01.798182   EnableNestedPaging  <integer> = 0x0000000000000001 (1)
00:00:01.798212   EnableUX            <integer> = 0x0000000000000001 (1)
00:00:01.798215   EnableVPID          <integer> = 0x0000000000000001 (1)
00:00:01.798217   Exclusive           <integer> = 0x0000000000000001 (1)
00:00:01.798219   HMForced            <integer> = 0x0000000000000001 (1)
00:00:01.798222   IBPBOnVMEntry       <integer> = 0x0000000000000000 (0)
00:00:01.798223   IBPBOnVMExit        <integer> = 0x0000000000000000 (0)
00:00:01.798225   L1DFlushOnSched     <integer> = 0x0000000000000001 (1)
00:00:01.798227   L1DFlushOnVMEntry   <integer> = 0x0000000000000000 (0)
00:00:01.798229   MDSClearOnSched     <integer> = 0x0000000000000001 (1)
00:00:01.798231   MDSClearOnVMEntry   <integer> = 0x0000000000000000 (0)
00:00:01.798233   SpecCtrlByHost      <integer> = 0x0000000000000000 (0)
00:00:01.798235   SvmVirtVmsaveVmload <integer> = 0x0000000000000000 (0)
00:00:01.798237   UseNEMInstead       <integer> = 0x0000000000000000 (0)
00:00:01.798239 
00:00:01.798240 [/MM/] (level 1)
00:00:01.798242   CanUseLargerHeap <integer> = 0x0000000000000000 (0)
00:00:01.798244 
00:00:01.798244 [/NEM/] (level 1)
00:00:01.798246   Allow64BitGuests <integer> = 0x0000000000000001 (1)
00:00:01.798248 
00:00:01.798248 [/PDM/] (level 1)
00:00:01.798251 
00:00:01.798251 [/PDM/AsyncCompletion/] (level 2)
00:00:01.798254 
00:00:01.798271 [/PDM/AsyncCompletion/File/] (level 3)
00:00:01.798274 
00:00:01.798275 [/PDM/AsyncCompletion/File/BwGroups/] (level 4)
00:00:01.798278 
00:00:01.798279 [/PDM/BlkCache/] (level 2)
00:00:01.798282   CacheSize <integer> = 0x0000000000500000 (5 242 880, 5.0 MiB)
00:00:01.798286 
00:00:01.798287 [/PDM/Devices/] (level 2)
00:00:01.798290 
00:00:01.798290 [/PDM/Drivers/] (level 2)
00:00:01.798293 
00:00:01.798293 [/PDM/Drivers/VBoxC/] (level 3)
00:00:01.798296   Path <string>  = "/usr/lib/virtualbox/components/VBoxC" (cb=37)
00:00:01.798297 
00:00:01.798298 [/PDM/NetworkShaper/] (level 2)
00:00:01.798299 
00:00:01.798300 [/PDM/NetworkShaper/BwGroups/] (level 3)
00:00:01.798301 
00:00:01.798302 [/TM/] (level 1)
00:00:01.798303   UTCOffset <integer> = 0x0000000000000000 (0)
00:00:01.798304 
00:00:01.798305 ********************* End of CFGM dump **********************
00:00:01.799874 HM: HMR3Init: VT-x w/ nested paging and unrestricted guest execution hw support
00:00:01.800043 CPUM: fXStateHostMask=0x7; initial: 0x7; host XCR0=0x7
00:00:01.801908 CPUM: Matched host CPU INTEL 0x6/0x3d/0x4 Intel_Core7_Broadwell with CPU DB entry 'Intel Core i7-5600U' (INTEL 0x6/0x3d/0x4 Intel_Core7_Broadwell)
00:00:01.804666 CPUM: MXCSR_MASK=0xffff (host: 0xffff)
00:00:01.804687 CPUM: Microcode revision 0x0000002F
00:00:01.804697 CPUM: MSR/CPUID reconciliation insert: 0x0000010b IA32_FLUSH_CMD
00:00:01.804707 CPUM: MSR fudge: 0x00000001 IA32_P5_MC_TYPE
00:00:01.804710 CPUM: MSR fudge: 0x00000017 IA32_PLATFORM_ID
00:00:01.804713 CPUM: MSR fudge: 0x0000001b IA32_APIC_BASE
00:00:01.804715 CPUM: MSR fudge: 0x0000008b BIOS_SIGN
00:00:01.804717 CPUM: MSR fudge: 0x000000fe IA32_MTRRCAP
00:00:01.804720 CPUM: MSR fudge: 0x00000179 IA32_MCG_CAP
00:00:01.804722 CPUM: MSR fudge: 0x0000017a IA32_MCG_STATUS
00:00:01.804725 CPUM: MSR fudge: 0x000001a0 IA32_MISC_ENABLE
00:00:01.804727 CPUM: MSR fudge: 0x000001d9 IA32_DEBUGCTL
00:00:01.804730 CPUM: MSR fudge: 0x000001db P6_LAST_BRANCH_FROM_IP
00:00:01.804733 CPUM: MSR fudge: 0x000001dc P6_LAST_BRANCH_TO_IP
00:00:01.804736 CPUM: MSR fudge: 0x000001dd P6_LAST_INT_FROM_IP
00:00:01.804738 CPUM: MSR fudge: 0x000001de P6_LAST_INT_TO_IP
00:00:01.804740 CPUM: MSR fudge: 0x00000277 IA32_PAT
00:00:01.804743 CPUM: MSR fudge: 0x000002ff IA32_MTRR_DEF_TYPE
00:00:01.804745 CPUM: MSR fudge: 0x00000400 IA32_MCi_CTL_STATUS_ADDR_MISC
00:00:01.804749 CPUM: MSR fudge: 0xc0000103 AMD64_TSC_AUX
00:00:01.804764 CPUM: SetGuestCpuIdFeature: Enabled SYSENTER/EXIT
00:00:01.804767 CPUM: SetGuestCpuIdFeature: Enabled SYSCALL/RET
00:00:01.804769 CPUM: SetGuestCpuIdFeature: Enabled PAE
00:00:01.804772 CPUM: SetGuestCpuIdFeature: Enabled LAHF/SAHF
00:00:01.804774 CPUM: SetGuestCpuIdFeature: Enabled NX
00:00:01.804777 CPUM: SetGuestCpuIdFeature: Enabled LONG MODE
00:00:01.806240 PGM: Host paging mode: AMD64+PGE+NX
00:00:01.806273 PGM: PGMPool: cMaxPages=768 (u64MaxPages=545)
00:00:01.806277 PGM: pgmR3PoolInit: cMaxPages=0x300 cMaxUsers=0x600 cMaxPhysExts=0x600 fCacheEnable=true
00:00:01.810352 PGM: /proc/sys/vm/max_map_count = 65530 (rc2=VWRN_TRAILING_CHARS); cGuessNeeded=16384
00:00:01.815015 TM: GIP - u32Mode=3 (Invariant) u32UpdateHz=62 u32UpdateIntervalNS=16000000 enmUseTscDelta=2 (Practically Zero) fGetGipCpu=0x1b cCpus=4
00:00:01.815062 TM: GIP - u64CpuHz=2 394 768 253 (0x8ebd437d)  SUPGetCpuHzFromGip => 2 394 768 253
00:00:01.815074 TM: GIP - CPU: iCpuSet=0x0 idCpu=0x0 idApic=0x0 iGipCpu=0x1 i64TSCDelta=0 enmState=3 u64CpuHz=2394785345(*) cErrors=0
00:00:01.815085 TM: GIP - CPU: iCpuSet=0x1 idCpu=0x1 idApic=0x2 iGipCpu=0x3 i64TSCDelta=0 enmState=3 u64CpuHz=2394768253(*) cErrors=0
00:00:01.815093 TM: GIP - CPU: iCpuSet=0x2 idCpu=0x2 idApic=0x1 iGipCpu=0x0 i64TSCDelta=0 enmState=3 u64CpuHz=2394768253(*) cErrors=0
00:00:01.815149 TM: GIP - CPU: iCpuSet=0x3 idCpu=0x3 idApic=0x3 iGipCpu=0x2 i64TSCDelta=0 enmState=3 u64CpuHz=2394768253(*) cErrors=0
00:00:01.815252 TM:     cTSCTicksPerSecond=2 394 768 253 (0x8ebd437d) enmTSCMode=1 (VirtTSCEmulated)
00:00:01.815256 TM: cTSCTicksPerSecondHost=2 394 768 253 (0x8ebd437d)
00:00:01.815258 TM: TSCTiedToExecution=false TSCNotTiedToHalt=false
00:00:01.817195 EMR3Init: fIemExecutesAll=false fGuruOnTripleFault=true
00:00:01.817766 IEM: TargetCpu=CURRENT, Microarch=Intel_Core7_Broadwell aidxTargetCpuEflFlavour={1,0}
00:00:01.818926 GIM: Using provider 'KVM' (Implementation version: 0)
00:00:01.818942 CPUM: SetGuestCpuIdFeature: Enabled Hypervisor Present bit
00:00:01.819001 GCM: Initialized (fixer bits: 0x0)
00:00:01.827498 GUI: UIMediumEnumerator: Medium-enumeration finished!
00:00:01.859510 AIOMgr: Default manager type is 'Async'
00:00:01.859529 AIOMgr: Default file backend is 'NonBuffered'
00:00:01.859950 BlkCache: Cache successfully initialized. Cache size is 5242880 bytes
00:00:01.859956 BlkCache: Cache commit interval is 10000 ms
00:00:01.859959 BlkCache: Cache commit threshold is 2621440 bytes
00:00:01.865008 PcBios: [SMP] BIOS with 2 CPUs
00:00:01.865934 PcBios: Using the 386+ BIOS image.
00:00:01.866678 PcBios: MPS table at 000e1300
00:00:01.867724 PcBios: fCheckShutdownStatusForSoftReset=true  fClearShutdownStatusOnHardReset=true
00:00:01.867775 SUP: Opened VBoxDDR0.r0 (/usr/lib/virtualbox/VBoxDDR0.r0) at 0xXXXXXXXXXXXXXXXX.
00:00:01.868336 pdmR3DrvHlp_QueryGenericUserObject: caller='MainKeyboard'/0: returns 0x005629871a6150 for 755e6bdf-1640-41f9-bd74-3ef5fd653250
00:00:01.868740 pdmR3DrvHlp_QueryGenericUserObject: caller='MainMouse'/0: returns 0x007f1ed800c690 for 25360a74-55e5-4f14-ac2a-f5cf8e62e4af
00:00:01.868861 CPUM: SetGuestCpuIdFeature: Enabled xAPIC
00:00:01.868871 CPUM: SetGuestCpuIdFeature: Enabled x2APIC
00:00:01.870264 IOAPIC: Version=2.0 ChipType=ICH9
00:00:01.870608 PIT: mode=3 count=0x10000 (65536) - 18.20 Hz (ch=0)
00:00:01.871002 VMMDev: cbDefaultBudget: 343 447 210 (147896aa)
00:00:01.875663 pdmR3DrvHlp_QueryGenericUserObject: caller='HGCM'/0: returns 0x007f1eb0000b70 for e2ff0c7b-c02b-46d0-aa90-b9caf0f60561
00:00:01.877182 Shared Folders service loaded
00:00:01.878361 Guest Control service loaded
00:00:01.880671 pdmR3DrvHlp_QueryGenericUserObject: caller='MainStatus'/0: returns 0x007f1ed8001390 for 6ac83d89-6ee7-4e33-8ae6-b257b2e81be8
00:00:01.887240 VGA: Using the 386+ BIOS image.
00:00:01.887311 pdmR3DrvHlp_QueryGenericUserObject: caller='MainDisplay'/0: returns 0x007f1ed8004720 for 4680b2de-8690-11e9-b83d-5719e53cf1de
00:00:01.891296 pdmR3DrvHlp_QueryGenericUserObject: caller='MainStatus'/1: returns 0x007f1ed8001390 for 6ac83d89-6ee7-4e33-8ae6-b257b2e81be8
00:00:01.891537 pdmR3DrvHlp_QueryGenericUserObject: caller='MainStatus'/2: returns 0x007f1ed8001390 for 6ac83d89-6ee7-4e33-8ae6-b257b2e81be8
00:00:01.891731 DrvVD: Flushes will be ignored
00:00:01.891736 DrvVD: Async flushes will be passed to the disk
00:00:01.892565 DrvVD: Flushes will be ignored
00:00:01.892574 DrvVD: Async flushes will be passed to the disk
00:00:01.895096 VD: VDInit finished with VINF_SUCCESS
00:00:01.895407 AIOMgr: Endpoint for file '/home/luca/VirtualBox VMs/cumulus-linux-vx-amd64-4.4.1.1019/cumulus-linux-vx-amd64-4.4.1.1019-disk1_1.vmdk' (flags 000c0781) created successfully
00:00:01.896588 AIOMgr: Endpoint for file '/home/luca/Scrivania/NSD/labs/lab04-VLAN/lab04-VLAN/project-files/virtualbox/5f719a84-ce72-498a-b0c1-a1acdcc27532/cumulus-1/Snapshots/{0e5219d9-1f97-4f0f-9bf6-0bf8acc6f261}.vmdk' (flags 000c0781) created successfully
00:00:01.897478 AIOMgr: Endpoint for file '/home/luca/Scrivania/NSD/labs/lab04-VLAN/lab04-VLAN/project-files/virtualbox/5f719a84-ce72-498a-b0c1-a1acdcc27532/cumulus-1/Snapshots/{502c4eef-8b40-48f6-b2a2-6966cff1b4c0}.vmdk' (flags 000c0723) created successfully
00:00:01.910409 VD: Opening the disk took 15388627 ns
00:00:01.910564 pdmR3DrvHlp_QueryGenericUserObject: caller='MainStatus'/3: returns 0x007f1ed8001390 for 6ac83d89-6ee7-4e33-8ae6-b257b2e81be8
00:00:01.912008 pdmR3DrvHlp_QueryGenericUserObject: caller='MainStatus'/4: returns 0x007f1ed8001390 for 6ac83d89-6ee7-4e33-8ae6-b257b2e81be8
00:00:01.912251 PIIX3 ATA: LUN#0: no unit
00:00:01.912271 PIIX3 ATA: LUN#1: no unit
00:00:01.912411 PIIX3 ATA: LUN#2: no unit
00:00:01.912420 PIIX3 ATA: LUN#3: no unit
00:00:01.912510 PIIX3 ATA: Ctl#0: finished processing RESET
00:00:01.912562 PIIX3 ATA: Ctl#1: finished processing RESET
00:00:01.913656 IntNet#0: szNetwork={HostInterfaceNetworking-vboxnet0} enmTrunkType=3 szTrunk={vboxnet0} fFlags=0x8000 cbRecv=325632 cbSend=196608 fIgnoreConnectFailure=false
00:00:01.914261 pdmR3DrvHlp_QueryGenericUserObject: caller='MainStatus'/5: returns 0x007f1ed8001390 for 6ac83d89-6ee7-4e33-8ae6-b257b2e81be8
00:00:01.914771 UDPTunnel#0: sport=10014;dest=127.0.0.1;dport=10015
00:00:01.914892 pdmR3DrvHlp_QueryGenericUserObject: caller='MainStatus'/6: returns 0x007f1ed8001390 for 6ac83d89-6ee7-4e33-8ae6-b257b2e81be8
00:00:01.915313 UDPTunnel#1: sport=10018;dest=127.0.0.1;dport=10019
00:00:01.915450 pdmR3DrvHlp_QueryGenericUserObject: caller='MainStatus'/7: returns 0x007f1ed8001390 for 6ac83d89-6ee7-4e33-8ae6-b257b2e81be8
00:00:01.916031 UDPTunnel#2: sport=10022;dest=127.0.0.1;dport=10023
00:00:01.916144 pdmR3DrvHlp_QueryGenericUserObject: caller='MainStatus'/8: returns 0x007f1ed8001390 for 6ac83d89-6ee7-4e33-8ae6-b257b2e81be8
00:00:01.916729 AC97: Using codec 'STAC9700'
00:00:01.917578 Audio: Initializing PulseAudio driver
00:00:01.917712 PulseAudio: Using version 11.1.0
00:00:01.921202 PulseAudio: Retrieving server information ...
00:00:01.921925 Audio: Found 3 devices for driver 'PulseAudio'
00:00:01.921938 Audio: Device 'Audio interno Stereo analogico':
00:00:01.921939 Audio:   ID              = alsa_output.pci-0000_00_1b.0.analog-stereo
00:00:01.921940 Audio:   Usage           = output
00:00:01.921941 Audio:   Flags           = DEFAULT_OUT
00:00:01.921942 Audio:   Input channels  = 0
00:00:01.921943 Audio:   Output channels = 2
00:00:01.921948 Audio: Device 'Monitor of Audio interno Stereo analogico':
00:00:01.921949 Audio:   ID              = alsa_output.pci-0000_00_1b.0.analog-stereo.monitor
00:00:01.921949 Audio:   Usage           = input
00:00:01.921950 Audio:   Flags           = NONE
00:00:01.921951 Audio:   Input channels  = 2
00:00:01.921951 Audio:   Output channels = 0
00:00:01.921955 Audio: Device 'Audio interno Stereo analogico':
00:00:01.921956 Audio:   ID              = alsa_input.pci-0000_00_1b.0.analog-stereo
00:00:01.921957 Audio:   Usage           = input
00:00:01.921957 Audio:   Flags           = DEFAULT_IN
00:00:01.921958 Audio:   Input channels  = 2
00:00:01.921959 Audio:   Output channels = 0
00:00:01.922074 AC97: Reset
00:00:01.922081 AC97: Mixer reset (EAID=0x809, EACS=0x9)
00:00:01.922086 AC97: Record select to left=mic, right=mic
00:00:01.922740 Serial#0: emulating 16550A (IOBase: 03f8 IRQ: 4)
00:00:01.923600 NamedPipe: location /tmp/gns3_vbox/5f719a84-ce72-498a-b0c1-a1acdcc27532, server
00:00:01.923946 PGM: The CPU physical address width is 39 bits
00:00:01.923957 PGM: PGMR3InitFinalize: 4 MB PSE mask 0000007fffffffff -> VINF_SUCCESS
00:00:01.923976 TM: TMR3InitFinalize: fTSCModeSwitchAllowed=true
00:00:01.924373 VMM: Enabled thread-context hooks
00:00:01.924381 VMM: RTThreadPreemptIsPending() can be trusted
00:00:01.924385 VMM: Kernel preemption is not possible it seems
00:00:01.924431 HM: fWorldSwitcher=0x30000 (fIbpbOnVmExit=false fIbpbOnVmEntry=false fL1dFlushOnVmEntry=false); fL1dFlushOnSched=true fMdsClearOnVmEntry=false
00:00:01.924443 HM: Using VT-x implementation 3.0
00:00:01.924444 HM: Max resume loops                  = 8192
00:00:01.924445 HM: Host CR4                          = 0x3606e0
00:00:01.924447 HM: Host EFER                         = 0xd01
00:00:01.924448 HM: MSR_IA32_SMM_MONITOR_CTL          = 0x0
00:00:01.924449 HM: MSR_IA32_FEATURE_CONTROL          = 0x5
00:00:01.924450 HM:   LOCK
00:00:01.924451 HM:   VMXON
00:00:01.924452 HM: MSR_IA32_VMX_BASIC                = 0xda040000000012
00:00:01.924454 HM:   VMCS id                           = 0x12
00:00:01.924455 HM:   VMCS size                         = 1024 bytes
00:00:01.924456 HM:   VMCS physical address limit       = None
00:00:01.924458 HM:   VMCS memory type                  = Write Back (WB)
00:00:01.924459 HM:   Dual-monitor treatment support    = true
00:00:01.924461 HM:   OUTS & INS instruction-info       = true
00:00:01.924462 HM:   Supports true-capability MSRs     = true
00:00:01.924463 HM:   VM-entry Xcpt error-code optional = false
00:00:01.924464 HM: MSR_IA32_VMX_PINBASED_CTLS        = 0x7f00000016
00:00:01.924466 HM:   EXT_INT_EXIT
00:00:01.924467 HM:   NMI_EXIT
00:00:01.924468 HM:   VIRTUAL_NMI
00:00:01.924469 HM:   PREEMPT_TIMER
00:00:01.924470 HM:   POSTED_INT (must be cleared)
00:00:01.924471 HM: MSR_IA32_VMX_PROCBASED_CTLS       = 0xfff9fffe0401e172
00:00:01.924474 HM:   INT_WINDOW_EXIT
00:00:01.924475 HM:   USE_TSC_OFFSETTING
00:00:01.924476 HM:   HLT_EXIT
00:00:01.924477 HM:   INVLPG_EXIT
00:00:01.924478 HM:   MWAIT_EXIT
00:00:01.924479 HM:   RDPMC_EXIT
00:00:01.924480 HM:   RDTSC_EXIT
00:00:01.924481 HM:   CR3_LOAD_EXIT (must be set)
00:00:01.924482 HM:   CR3_STORE_EXIT (must be set)
00:00:01.924483 HM:   USE_TERTIARY_CTLS (must be cleared)
00:00:01.924484 HM:   CR8_LOAD_EXIT
00:00:01.924485 HM:   CR8_STORE_EXIT
00:00:01.924486 HM:   USE_TPR_SHADOW
00:00:01.924486 HM:   NMI_WINDOW_EXIT
00:00:01.924487 HM:   MOV_DR_EXIT
00:00:01.924488 HM:   UNCOND_IO_EXIT
00:00:01.924488 HM:   USE_IO_BITMAPS
00:00:01.924489 HM:   MONITOR_TRAP_FLAG
00:00:01.924490 HM:   USE_MSR_BITMAPS
00:00:01.924490 HM:   MONITOR_EXIT
00:00:01.924491 HM:   PAUSE_EXIT
00:00:01.924491 HM:   USE_SECONDARY_CTLS
00:00:01.924533 HM: MSR_IA32_VMX_PROCBASED_CTLS2      = 0x53cff00000000
00:00:01.924535 HM:   VIRT_APIC_ACCESS
00:00:01.924536 HM:   EPT
00:00:01.924537 HM:   DESC_TABLE_EXIT
00:00:01.924537 HM:   RDTSCP
00:00:01.924538 HM:   VIRT_X2APIC_MODE
00:00:01.924539 HM:   VPID
00:00:01.924540 HM:   WBINVD_EXIT
00:00:01.924541 HM:   UNRESTRICTED_GUEST
00:00:01.924541 HM:   APIC_REG_VIRT (must be cleared)
00:00:01.924542 HM:   VIRT_INT_DELIVERY (must be cleared)
00:00:01.924543 HM:   PAUSE_LOOP_EXIT
00:00:01.924543 HM:   RDRAND_EXIT
00:00:01.924544 HM:   INVPCID
00:00:01.924545 HM:   VMFUNC
00:00:01.924545 HM:   VMCS_SHADOWING (must be cleared)
00:00:01.924546 HM:   ENCLS_EXIT (must be cleared)
00:00:01.924547 HM:   RDSEED_EXIT
00:00:01.924547 HM:   PML (must be cleared)
00:00:01.924548 HM:   EPT_XCPT_VE
00:00:01.924548 HM:   CONCEAL_VMX_FROM_PT (must be cleared)
00:00:01.924549 HM:   XSAVES_XRSTORS (must be cleared)
00:00:01.924550 HM:   MODE_BASED_EPT_PERM (must be cleared)
00:00:01.924550 HM:   SPP_EPT (must be cleared)
00:00:01.924551 HM:   PT_EPT (must be cleared)
00:00:01.924552 HM:   TSC_SCALING (must be cleared)
00:00:01.924552 HM:   USER_WAIT_PAUSE (must be cleared)
00:00:01.924553 HM:   ENCLV_EXIT (must be cleared)
00:00:01.924553 HM: MSR_IA32_VMX_ENTRY_CTLS           = 0xffff000011ff
00:00:01.924555 HM:   LOAD_DEBUG (must be set)
00:00:01.924556 HM:   IA32E_MODE_GUEST
00:00:01.924557 HM:   ENTRY_TO_SMM
00:00:01.924557 HM:   DEACTIVATE_DUAL_MON
00:00:01.924558 HM:   LOAD_PERF_MSR
00:00:01.924558 HM:   LOAD_PAT_MSR
00:00:01.924559 HM:   LOAD_EFER_MSR
00:00:01.924560 HM:   LOAD_BNDCFGS_MSR (must be cleared)
00:00:01.924560 HM:   CONCEAL_VMX_FROM_PT (must be cleared)
00:00:01.924561 HM:   LOAD_RTIT_CTL_MSR (must be cleared)
00:00:01.924562 HM:   LOAD_CET_STATE (must be cleared)
00:00:01.924562 HM:   LOAD_PKRS_MSR (must be cleared)
00:00:01.924563 HM: MSR_IA32_VMX_EXIT_CTLS            = 0x7fffff00036dff
00:00:01.924564 HM:   SAVE_DEBUG (must be set)
00:00:01.924565 HM:   HOST_ADDR_SPACE_SIZE
00:00:01.924566 HM:   LOAD_PERF_MSR
00:00:01.924567 HM:   ACK_EXT_INT
00:00:01.924567 HM:   SAVE_PAT_MSR
00:00:01.924568 HM:   LOAD_PAT_MSR
00:00:01.924569 HM:   SAVE_EFER_MSR
00:00:01.924569 HM:   LOAD_EFER_MSR
00:00:01.924570 HM:   SAVE_PREEMPT_TIMER
00:00:01.924571 HM:   CLEAR_BNDCFGS_MSR (must be cleared)
00:00:01.924571 HM:   CONCEAL_VMX_FROM_PT (must be cleared)
00:00:01.924572 HM:   CLEAR_RTIT_CTL_MSR (must be cleared)
00:00:01.924572 HM:   LOAD_CET_STATE (must be cleared)
00:00:01.924573 HM:   LOAD_PKRS_MSR (must be cleared)
00:00:01.924574 HM: MSR_IA32_VMX_TRUE_PINBASED_CTLS   = 0x7f00000016
00:00:01.924575 HM: MSR_IA32_VMX_TRUE_PROCBASED_CTLS  = 0xfff9fffe04006172
00:00:01.924577 HM: MSR_IA32_VMX_TRUE_ENTRY_CTLS      = 0xffff000011fb
00:00:01.924578 HM: MSR_IA32_VMX_TRUE_EXIT_CTLS       = 0x7fffff00036dfb
00:00:01.924580 HM: MSR_IA32_VMX_MISC                 = 0x300481e5
00:00:01.924581 HM:   PREEMPT_TIMER_TSC                 = 0x5
00:00:01.924582 HM:   EXIT_SAVE_EFER_LMA                = true
00:00:01.924583 HM:   ACTIVITY_STATES                   = 0x7 ( HLT SHUTDOWN SIPI_WAIT )
00:00:01.924585 HM:   INTEL_PT                          = false
00:00:01.924585 HM:   SMM_READ_SMBASE_MSR               = true
00:00:01.924586 HM:   CR3_TARGET                        = 0x4
00:00:01.924587 HM:   MAX_MSR                           = 0x0 ( 512 )
00:00:01.924588 HM:   VMXOFF_BLOCK_SMI                  = true
00:00:01.924589 HM:   VMWRITE_ALL                       = true
00:00:01.924590 HM:   ENTRY_INJECT_SOFT_INT             = 0x0
00:00:01.924591 HM:   MSEG_ID                           = 0x0
00:00:01.924592 HM: MSR_IA32_VMX_VMCS_ENUM            = 0x2a
00:00:01.924593 HM:   HIGHEST_IDX                       = 0x15
00:00:01.924594 HM: MSR_IA32_VMX_EPT_VPID_CAP         = 0xf0106334141
00:00:01.924595 HM:   RWX_X_ONLY
00:00:01.924596 HM:   PAGE_WALK_LENGTH_4
00:00:01.924596 HM:   MEMTYPE_UC
00:00:01.924597 HM:   MEMTYPE_WB
00:00:01.924597 HM:   PDE_2M
00:00:01.924598 HM:   PDPTE_1G
00:00:01.924598 HM:   INVEPT
00:00:01.924599 HM:   ACCESS_DIRTY
00:00:01.924600 HM:   INVEPT_SINGLE_CONTEXT
00:00:01.924600 HM:   INVEPT_ALL_CONTEXTS
00:00:01.924601 HM:   INVVPID
00:00:01.924601 HM:   INVVPID_INDIV_ADDR
00:00:01.924602 HM:   INVVPID_SINGLE_CONTEXT
00:00:01.924603 HM:   INVVPID_ALL_CONTEXTS
00:00:01.924603 HM:   INVVPID_SINGLE_CONTEXT_RETAIN_GLOBALS
00:00:01.924604 HM: MSR_IA32_VMX_VMFUNC               = 0x1
00:00:01.924605 HM:   EPTP_SWITCHING
00:00:01.924606 HM: MSR_IA32_VMX_CR0_FIXED0           = 0x80000021
00:00:01.924607 HM: MSR_IA32_VMX_CR0_FIXED1           = 0xffffffff
00:00:01.924608 HM: MSR_IA32_VMX_CR4_FIXED0           = 0x2000
00:00:01.924609 HM: MSR_IA32_VMX_CR4_FIXED1           = 0x3727ff
00:00:01.924610 HM: Guest support: 32-bit and 64-bit
00:00:01.924619 HM: Supports VMCS EFER fields         = true
00:00:01.924619 HM: Enabled VMX
00:00:01.924623 HM: Enabled nested paging
00:00:01.924623 HM:   EPT flush type                  = Single context
00:00:01.924624 HM: Enabled unrestricted guest execution
00:00:01.924625 HM: Enabled VPID
00:00:01.924625 HM:   VPID flush type                 = Single context
00:00:01.924626 HM: Enabled VMX-preemption timer (cPreemptTimerShift=5)
00:00:01.924627 HM: VT-x/AMD-V init method: Global
00:00:01.924628 EM: Exit history optimizations: enabled=true enabled-r0=true enabled-r0-no-preemption=false
00:00:01.924677 PcBios: SCSI LUN#0 LCHS not provided
00:00:01.924703 APIC: fPostedIntrsEnabled=false fVirtApicRegsEnabled=false fSupportsTscDeadline=false
00:00:01.924724 TMR3UtcNow: nsNow=1 669 133 303 957 244 000 nsPrev=0 -> cNsDelta=1 669 133 303 957 244 000 (offLag=0 offVirtualSync=0 offVirtualSyncGivenUp=0, NowAgain=1 669 133 303 957 245 000)
00:00:01.924741 VMM: fUsePeriodicPreemptionTimers=false
00:00:01.930163 CPUM: Logical host processors: 4 present, 4 max, 4 online, online mask: 000000000000000f
00:00:01.930299 CPUM: Physical host cores: 2
00:00:01.930301 ************************* CPUID dump ************************
00:00:01.930341          Raw Standard CPUID Leaves
00:00:01.930342      Leaf/sub-leaf  eax      ebx      ecx      edx
00:00:01.930343 Gst: 00000000/0000  00000014 756e6547 6c65746e 49656e69
00:00:01.930346 Hst:                00000014 756e6547 6c65746e 49656e69
00:00:01.930349 Gst: 00000001/0000  000306d4 00020800 d6fa2203 178bfbff
00:00:01.930351 Hst:                000306d4 00100800 7ffafbbf bfebfbff
00:00:01.930353 Gst: 00000002/0000  76036301 00f0b5ff 00000000 00c30000
00:00:01.930355 Hst:                76036301 00f0b5ff 00000000 00c30000
00:00:01.930357 Gst: 00000003/0000  00000000 00000000 00000000 00000000
00:00:01.930358 Hst:                00000000 00000000 00000000 00000000
00:00:01.930359 Gst: 00000004/0000  04000121 01c0003f 0000003f 00000000
00:00:01.930361 Hst:                1c004121 01c0003f 0000003f 00000000
00:00:01.930363 Gst: 00000004/0001  04000122 01c0003f 0000003f 00000000
00:00:01.930364 Hst:                1c004122 01c0003f 0000003f 00000000
00:00:01.930366 Gst: 00000004/0002  04000143 01c0003f 000001ff 00000000
00:00:01.930367 Hst:                1c004143 01c0003f 000001ff 00000000
00:00:01.930369 Gst: 00000004/0003  04000163 03c0003f 00000fff 00000006
00:00:01.930371 Hst:                1c03c163 03c0003f 00000fff 00000006
00:00:01.930373 Gst: 00000004/0004  04000000 00000000 00000000 00000000
00:00:01.930374 Hst:                00000000 00000000 00000000 00000000
00:00:01.930375 Gst: 00000005/0000  00000000 00000000 00000000 00000000
00:00:01.930377 Hst:                00000040 00000040 00000003 11142120
00:00:01.930379 Gst: 00000006/0000  00000000 00000000 00000000 00000000
00:00:01.930380 Hst:                00000077 00000002 00000009 00000000
00:00:01.930381 Gst: 00000007/0000  00000000 00042529 00000000 10000400
00:00:01.930383 Hst:                00000000 021c27ab 00000000 9c000600
00:00:01.930384 Gst: 00000007/0001  00000000 00000000 00000000 00000000
00:00:01.930386 Hst:                00000000 00000000 00000000 00000000
00:00:01.930387 Gst: 00000008/0000  00000000 00000000 00000000 00000000
00:00:01.930388 Hst:                00000000 00000000 00000000 00000000
00:00:01.930389 Gst: 00000009/0000  00000000 00000000 00000000 00000000
00:00:01.930391 Hst:                00000000 00000000 00000000 00000000
00:00:01.930392 Gst: 0000000a/0000  00000000 00000000 00000000 00000000
00:00:01.930393 Hst:                07300403 00000000 00000000 00000603
00:00:01.930395 Gst: 0000000b/0000  00000000 00000001 00000100 00000000
00:00:01.930396 Hst:                00000001 00000002 00000100 00000000
00:00:01.930397 Gst: 0000000b/0001  00000001 00000002 00000201 00000000
00:00:01.930398 Hst:                00000004 00000004 00000201 00000000
00:00:01.930399 Gst: 0000000b/0002  00000000 00000000 00000002 00000000
00:00:01.930401 Hst:                00000000 00000000 00000002 00000000
00:00:01.930402 Gst: 0000000c/0000  00000000 00000000 00000000 00000000
00:00:01.930403 Hst:                00000000 00000001 00000001 00000000
00:00:01.930404 Hst: 0000000d/0000  00000007 00000340 00000340 00000000
00:00:01.930407 Hst: 0000000d/0001  00000001 00000000 00000000 00000000
00:00:01.930409 Hst: 0000000d/0002  00000100 00000240 00000000 00000000
00:00:01.930441 Hst: 0000000e/0000  00000000 00000000 00000000 00000000
00:00:01.930443 Hst: 0000000f/0000  00000000 00000000 00000000 00000000
00:00:01.930444 Hst: 00000010/0000  00000000 00000000 00000000 00000000
00:00:01.930446 Hst: 00000011/0000  00000000 00000000 00000000 00000000
00:00:01.930447 Hst: 00000012/0000  00000000 00000000 00000000 00000000
00:00:01.930449 Hst: 00000013/0000  00000000 00000000 00000000 00000000
00:00:01.930450 Hst: 00000014/0000  00000000 00000001 00000001 00000000
00:00:01.930452                                Name: GenuineIntel
00:00:01.930455                            Supports: 0x00000000-0x00000014
00:00:01.930457                              Family:  6 	Extended: 0 	Effective: 6
00:00:01.930459                               Model: 13 	Extended: 3 	Effective: 61
00:00:01.930462                            Stepping: 4
00:00:01.930463                                Type: 0 (primary)
00:00:01.930465                             APIC ID: 0x00
00:00:01.930467                        Logical CPUs: 2
00:00:01.930468                        CLFLUSH Size: 8
00:00:01.930470                            Brand ID: 0x00
00:00:01.930472 Features
00:00:01.930473   Mnemonic - Description                                  = guest (host)
00:00:01.930475   FPU - x87 FPU on Chip                                   = 1 (1)
00:00:01.930478   VME - Virtual 8086 Mode Enhancements                    = 1 (1)
00:00:01.930480   DE - Debugging extensions                               = 1 (1)
00:00:01.930482   PSE - Page Size Extension                               = 1 (1)
00:00:01.930484   TSC - Time Stamp Counter                                = 1 (1)
00:00:01.930486   MSR - Model Specific Registers                          = 1 (1)
00:00:01.930488   PAE - Physical Address Extension                        = 1 (1)
00:00:01.930490   MCE - Machine Check Exception                           = 1 (1)
00:00:01.930491   CX8 - CMPXCHG8B instruction                             = 1 (1)
00:00:01.930493   APIC - APIC On-Chip                                     = 1 (1)
00:00:01.930496   SEP - SYSENTER and SYSEXIT Present                      = 1 (1)
00:00:01.930497   MTRR - Memory Type Range Registers                      = 1 (1)
00:00:01.930499   PGE - PTE Global Bit                                    = 1 (1)
00:00:01.930502   MCA - Machine Check Architecture                        = 1 (1)
00:00:01.930503   CMOV - Conditional Move instructions                    = 1 (1)
00:00:01.930505   PAT - Page Attribute Table                              = 1 (1)
00:00:01.930507   PSE-36 - 36-bit Page Size Extension                     = 1 (1)
00:00:01.930509   PSN - Processor Serial Number                           = 0 (0)
00:00:01.930510   CLFSH - CLFLUSH instruction                             = 1 (1)
00:00:01.930513   DS - Debug Store                                        = 0 (1)
00:00:01.930515   ACPI - Thermal Mon. & Soft. Clock Ctrl.                 = 0 (1)
00:00:01.930517   MMX - Intel MMX Technology                              = 1 (1)
00:00:01.930519   FXSR - FXSAVE and FXRSTOR instructions                  = 1 (1)
00:00:01.930521   SSE - SSE support                                       = 1 (1)
00:00:01.930523   SSE2 - SSE2 support                                     = 1 (1)
00:00:01.930525   SS - Self Snoop                                         = 0 (1)
00:00:01.930527   HTT - Hyper-Threading Technology                        = 1 (1)
00:00:01.930529   TM - Therm. Monitor                                     = 0 (1)
00:00:01.930531   PBE - Pending Break Enabled                             = 0 (1)
00:00:01.930534   SSE3 - SSE3 support                                     = 1 (1)
00:00:01.930536   PCLMUL - PCLMULQDQ support (for AES-GCM)                = 1 (1)
00:00:01.930538   DTES64 - DS Area 64-bit Layout                          = 0 (1)
00:00:01.930540   MONITOR - MONITOR/MWAIT instructions                    = 0 (1)
00:00:01.930541   CPL-DS - CPL Qualified Debug Store                      = 0 (1)
00:00:01.930543   VMX - Virtual Machine Extensions                        = 0 (1)
00:00:01.930545   SMX - Safer Mode Extensions                             = 0 (0)
00:00:01.930546   EST - Enhanced SpeedStep Technology                     = 0 (1)
00:00:01.930548   TM2 - Terminal Monitor 2                                = 0 (1)
00:00:01.930550   SSSE3 - Supplemental Streaming SIMD Extensions 3        = 1 (1)
00:00:01.930552   CNTX-ID - L1 Context ID                                 = 0 (0)
00:00:01.930554   SDBG - Silicon Debug interface                          = 0 (1)
00:00:01.930555   FMA - Fused Multiply Add extensions                     = 0 (1)
00:00:01.930557   CX16 - CMPXCHG16B instruction                           = 1 (1)
00:00:01.930559   TPRUPDATE - xTPR Update Control                         = 0 (1)
00:00:01.930561   PDCM - Perf/Debug Capability MSR                        = 0 (1)
00:00:01.930563   PCID - Process Context Identifiers                      = 1 (1)
00:00:01.930565   DCA - Direct Cache Access                               = 0 (0)
00:00:01.930567   SSE4_1 - SSE4_1 support                                 = 1 (1)
00:00:01.930569   SSE4_2 - SSE4_2 support                                 = 1 (1)
00:00:01.930570   X2APIC - x2APIC support                                 = 1 (1)
00:00:01.930572   MOVBE - MOVBE instruction                               = 1 (1)
00:00:01.930574   POPCNT - POPCNT instruction                             = 1 (1)
00:00:01.930576   TSCDEADL - Time Stamp Counter Deadline                  = 0 (1)
00:00:01.930578   AES - AES instructions                                  = 1 (1)
00:00:01.930580   XSAVE - XSAVE instruction                               = 1 (1)
00:00:01.930582   OSXSAVE - OSXSAVE instruction                           = 0 (1)
00:00:01.930583   AVX - AVX support                                       = 1 (1)
00:00:01.930585   F16C - 16-bit floating point conversion instructions    = 0 (1)
00:00:01.930587   RDRAND - RDRAND instruction                             = 1 (1)
00:00:01.930589   HVP - Hypervisor Present (we're a guest)                = 1 (0)
00:00:01.930591 Structured Extended Feature Flags Enumeration (leaf 7):
00:00:01.930592   Mnemonic - Description                                  = guest (host)
00:00:01.930593   FSGSBASE - RDFSBASE/RDGSBASE/WRFSBASE/WRGSBASE instr.   = 1 (1)
00:00:01.930594   TSCADJUST - Supports MSR_IA32_TSC_ADJUST                = 0 (1)
00:00:01.930595   SGX - Supports Software Guard Extensions                = 0 (0)
00:00:01.930597   BMI1 - Advanced Bit Manipulation extension 1            = 1 (1)
00:00:01.930598   HLE - Hardware Lock Elision                             = 0 (0)
00:00:01.930600   AVX2 - Advanced Vector Extensions 2                     = 1 (1)
00:00:01.930602   FDP_EXCPTN_ONLY - FPU DP only updated on exceptions     = 0 (0)
00:00:01.930603   SMEP - Supervisor Mode Execution Prevention             = 0 (1)
00:00:01.930605   BMI2 - Advanced Bit Manipulation extension 2            = 1 (1)
00:00:01.930607   ERMS - Enhanced REP MOVSB/STOSB instructions            = 0 (1)
00:00:01.930608   INVPCID - INVPCID instruction                           = 1 (1)
00:00:01.930610   RTM - Restricted Transactional Memory                   = 0 (0)
00:00:01.930612   PQM - Platform Quality of Service Monitoring            = 0 (0)
00:00:01.930613   DEPFPU_CS_DS - Deprecates FPU CS, FPU DS values if set  = 1 (1)
00:00:01.930614   MPE - Intel Memory Protection Extensions                = 0 (0)
00:00:01.930616   PQE - Platform Quality of Service Enforcement           = 0 (0)
00:00:01.930617   AVX512F - AVX512 Foundation instructions                = 0 (0)
00:00:01.930619   RDSEED - RDSEED instruction                             = 1 (1)
00:00:01.930621   ADX - ADCX/ADOX instructions                            = 0 (1)
00:00:01.930623   SMAP - Supervisor Mode Access Prevention                = 0 (1)
00:00:01.930624   CLFLUSHOPT - CLFLUSHOPT (Cache Line Flush) instruction  = 0 (0)
00:00:01.930626   INTEL_PT - Intel Processor Trace                        = 0 (1)
00:00:01.930627   AVX512PF - AVX512 Prefetch instructions                 = 0 (0)
00:00:01.930629   AVX512ER - AVX512 Exponential & Reciprocal instructions = 0 (0)
00:00:01.930630   AVX512CD - AVX512 Conflict Detection instructions       = 0 (0)
00:00:01.930631   SHA - Secure Hash Algorithm extensions                  = 0 (0)
00:00:01.930633   PREFETCHWT1 - PREFETCHWT1 instruction                   = 0 (0)
00:00:01.930635   UMIP - User mode insturction prevention                 = 0 (0)
00:00:01.930636   PKU - Protection Key for Usermode pages                 = 0 (0)
00:00:01.930638   OSPKE - CR4.PKU mirror                                  = 0 (0)
00:00:01.930640   MAWAU - Value used by BNDLDX & BNDSTX                   = 0x0 (0x0)
00:00:01.930642   RDPID - Read processor ID support                       = 0 (0)
00:00:01.930644   SGX_LC - Supports SGX Launch Configuration              = 0 (0)
00:00:01.930646    9 - Reserved                                           = 0 (1)
00:00:01.930648   MD_CLEAR - Supports MDS related buffer clearing         = 1 (1)
00:00:01.930650   IBRS_IBPB - IA32_SPEC_CTRL.IBRS and IA32_PRED_CMD.IBPB  = 0 (1)
00:00:01.930651   STIBP - Supports IA32_SPEC_CTRL.STIBP                   = 0 (1)
00:00:01.930652   FLUSH_CMD - Supports IA32_FLUSH_CMD                     = 1 (1)
00:00:01.930654   ARCHCAP - Supports IA32_ARCH_CAP                        = 0 (0)
00:00:01.930656   CORECAP - Supports IA32_CORE_CAP                        = 0 (0)
00:00:01.930658   SSBD - Supports IA32_SPEC_CTRL.SSBD                     = 0 (1)
00:00:01.930660 Processor Extended State Enumeration (leaf 0xd):
00:00:01.930661    XSAVE area cur/max size by XCR0, guest: 0x340/0x340
00:00:01.930663     XSAVE area cur/max size by XCR0, host: 0x340/0x340
00:00:01.930664                    Valid XCR0 bits, guest: 0x00000000`00000007 ( x87 SSE YMM_Hi128 )
00:00:01.930668                     Valid XCR0 bits, host: 0x00000000`00000007 ( x87 SSE YMM_Hi128 )
00:00:01.930671                     XSAVE features, guest:
00:00:01.930673                      XSAVE features, host: XSAVEOPT
00:00:01.930675       XSAVE area cur size XCR0|XSS, guest: 0x0
00:00:01.930676        XSAVE area cur size XCR0|XSS, host: 0x0
00:00:01.930678                Valid IA32_XSS bits, guest: 0x00000000`00000000
00:00:01.930680                 Valid IA32_XSS bits, host: 0x00000000`00000000
00:00:01.930682   State #2, guest: off=0x0240, cb=0x0100 IA32_XSS-bit -- YMM_Hi128
00:00:01.930684   State #2, host:  off=0x0240, cb=0x0100 IA32_XSS-bit -- YMM_Hi128
00:00:01.930702          Unknown CPUID Leaves
00:00:01.930702      Leaf/sub-leaf  eax      ebx      ecx      edx
00:00:01.930703 Gst: 0000000c/0001  00000000 00000000 00000000 00000000
00:00:01.930705 Hst:                00000000 00000000 00000000 00000000
00:00:01.930708 Gst: 0000000d/0000  00000007 00000340 00000340 00000000
00:00:01.930709 Hst:                00000007 00000340 00000340 00000000
00:00:01.930710 Gst: 0000000d/0001  00000000 00000000 00000000 00000000
00:00:01.930711 Hst:                00000001 00000000 00000000 00000000
00:00:01.930713 Gst: 0000000d/0002  00000100 00000240 00000000 00000000
00:00:01.930714 Hst:                00000100 00000240 00000000 00000000
00:00:01.930715 Gst: 0000000d/0003  00000000 00000000 00000000 00000000
00:00:01.930717 Hst:                00000000 00000000 00000000 00000000
00:00:01.930718 Gst: 0000000e/0000  00000000 00000000 00000000 00000000
00:00:01.930719 Hst:                00000000 00000000 00000000 00000000
00:00:01.930720 Gst: 0000000f/0000  00000000 00000000 00000000 00000000
00:00:01.930721 Hst:                00000000 00000000 00000000 00000000
00:00:01.930723 Gst: 00000010/0000  00000000 00000000 00000000 00000000
00:00:01.930724 Hst:                00000000 00000000 00000000 00000000
00:00:01.930725 Gst: 00000011/0000  00000000 00000000 00000000 00000000
00:00:01.930726 Hst:                00000000 00000000 00000000 00000000
00:00:01.930727 Gst: 00000012/0000  00000000 00000000 00000000 00000000
00:00:01.930729 Hst:                00000000 00000000 00000000 00000000
00:00:01.930730 Gst: 00000013/0000  00000000 00000000 00000000 00000000
00:00:01.930732 Hst:                00000000 00000000 00000000 00000000
00:00:01.930733 Gst: 00000014/0000  00000000 00000000 00000000 00000000
00:00:01.930734 Hst:                00000000 00000001 00000001 00000000
00:00:01.930735 Gst: 00000014/0001  00000000 00000000 00000000 00000000
00:00:01.930736 Hst:                00000000 00000000 00000000 00000000
00:00:01.930738          Raw Hypervisor CPUID Leaves
00:00:01.930739      Leaf/sub-leaf  eax      ebx      ecx      edx
00:00:01.930739 Gst: 40000000/0000  40000001 4b4d564b 564b4d56 0000004d
00:00:01.930742 Hst:                00000000 00000001 00000001 00000000
00:00:01.930743 Gst: 40000001/0000  01000089 00000000 00000000 00000000
00:00:01.930745 Hst:                00000000 00000001 00000001 00000000
00:00:01.930747          Raw Extended CPUID Leaves
00:00:01.930747      Leaf/sub-leaf  eax      ebx      ecx      edx
00:00:01.930748 Gst: 80000000/0000  80000008 00000000 00000000 00000000
00:00:01.930750 Hst:                80000008 00000000 00000000 00000000
00:00:01.930751 Gst: 80000001/0000  00000000 00000000 00000121 28100800
00:00:01.930753 Hst:                00000000 00000000 00000121 2c100800
00:00:01.930755 Gst: 80000002/0000  65746e49 2952286c 726f4320 4d542865
00:00:01.930757 Hst:                65746e49 2952286c 726f4320 4d542865
00:00:01.930760 Gst: 80000003/0000  37692029 3035352d 43205530 40205550
00:00:01.930762 Hst:                37692029 3035352d 43205530 40205550
00:00:01.930764 Gst: 80000004/0000  342e3220 7a484730 00000000 00000000
00:00:01.930766 Hst:                342e3220 7a484730 00000000 00000000
00:00:01.930767 Gst: 80000005/0000  00000000 00000000 00000000 00000000
00:00:01.930768 Hst:                00000000 00000000 00000000 00000000
00:00:01.930770 Gst: 80000006/0000  00000000 00000000 01006040 00000000
00:00:01.930771 Hst:                00000000 00000000 01006040 00000000
00:00:01.930773 Gst: 80000007/0000  00000000 00000000 00000000 00000100
00:00:01.930774 Hst:                00000000 00000000 00000000 00000100
00:00:01.930775 Gst: 80000008/0000  00003027 00000000 00000000 00000000
00:00:01.930777 Hst:                00003027 00000000 00000000 00000000
00:00:01.930778 Ext Name:                        
00:00:01.930779 Ext Supports:                    0x80000000-0x80000008
00:00:01.930781 Family:                          0  	Extended: 0 	Effective: 0
00:00:01.930782 Model:                           0  	Extended: 0 	Effective: 0
00:00:01.930783 Stepping:                        0
00:00:01.930784 Brand ID:                        0x000
00:00:01.930785 Ext Features
00:00:01.930786   Mnemonic - Description                                  = guest (host)
00:00:01.930786   FPU - x87 FPU on Chip                                   = 0 (0)
00:00:01.930789   VME - Virtual 8086 Mode Enhancements                    = 0 (0)
00:00:01.930791   DE - Debugging extensions                               = 0 (0)
00:00:01.930793   PSE - Page Size Extension                               = 0 (0)
00:00:01.930795   TSC - Time Stamp Counter                                = 0 (0)
00:00:01.930797   MSR - K86 Model Specific Registers                      = 0 (0)
00:00:01.930799   PAE - Physical Address Extension                        = 0 (0)
00:00:01.930800   MCE - Machine Check Exception                           = 0 (0)
00:00:01.930802   CX8 - CMPXCHG8B instruction                             = 0 (0)
00:00:01.930804   APIC - APIC On-Chip                                     = 0 (0)
00:00:01.930806   SEP - SYSCALL/SYSRET                                    = 1 (1)
00:00:01.930808   MTRR - Memory Type Range Registers                      = 0 (0)
00:00:01.930810   PGE - PTE Global Bit                                    = 0 (0)
00:00:01.930812   MCA - Machine Check Architecture                        = 0 (0)
00:00:01.930813   CMOV - Conditional Move instructions                    = 0 (0)
00:00:01.930815   PAT - Page Attribute Table                              = 0 (0)
00:00:01.930817   PSE-36 - 36-bit Page Size Extension                     = 0 (0)
00:00:01.930818   NX - No-Execute/Execute-Disable                         = 1 (1)
00:00:01.930820   AXMMX - AMD Extensions to MMX instructions              = 0 (0)
00:00:01.930822   MMX - Intel MMX Technology                              = 0 (0)
00:00:01.930823   FXSR - FXSAVE and FXRSTOR Instructions                  = 0 (0)
00:00:01.930825   FFXSR - AMD fast FXSAVE and FXRSTOR instructions        = 0 (0)
00:00:01.930826   Page1GB - 1 GB large page                               = 0 (1)
00:00:01.930829   RDTSCP - RDTSCP instruction                             = 1 (1)
00:00:01.930831   LM - AMD64 Long Mode                                    = 1 (1)
00:00:01.930833   3DNOWEXT - AMD Extensions to 3DNow                      = 0 (0)
00:00:01.930835   3DNOW - AMD 3DNow                                       = 0 (0)
00:00:01.930838   LahfSahf - LAHF/SAHF support in 64-bit mode             = 1 (1)
00:00:01.930839   CmpLegacy - Core multi-processing legacy mode           = 0 (0)
00:00:01.930841   SVM - AMD Secure Virtual Machine extensions             = 0 (0)
00:00:01.930842   EXTAPIC - AMD Extended APIC registers                   = 0 (0)
00:00:01.930844   CR8L - AMD LOCK MOV CR0 means MOV CR8                   = 0 (0)
00:00:01.930845   ABM - AMD Advanced Bit Manipulation                     = 1 (1)
00:00:01.930847   SSE4A - SSE4A instructions                              = 0 (0)
00:00:01.930849   MISALIGNSSE - AMD Misaligned SSE mode                   = 0 (0)
00:00:01.930851   3DNOWPRF - AMD PREFETCH and PREFETCHW instructions      = 1 (1)
00:00:01.930852   OSVW - AMD OS Visible Workaround                        = 0 (0)
00:00:01.930854   IBS - Instruct Based Sampling                           = 0 (0)
00:00:01.930856   XOP - Extended Operation support                        = 0 (0)
00:00:01.930858   SKINIT - SKINIT, STGI, and DEV support                  = 0 (0)
00:00:01.930860   WDT - AMD Watchdog Timer support                        = 0 (0)
00:00:01.930861   LWP - Lightweight Profiling support                     = 0 (0)
00:00:01.930864   FMA4 - Four operand FMA instruction support             = 0 (0)
00:00:01.930865   NodeId - NodeId in MSR C001_100C                        = 0 (0)
00:00:01.930867   TBM - Trailing Bit Manipulation instructions            = 0 (0)
00:00:01.930868   TOPOEXT - Topology Extensions                           = 0 (0)
00:00:01.930870   PRFEXTCORE - Performance Counter Extensions support     = 0 (0)
00:00:01.930872   PRFEXTNB - NB Performance Counter Extensions support    = 0 (0)
00:00:01.930873   DATABPEXT - Data-access Breakpoint Extension            = 0 (0)
00:00:01.930875   PERFTSC - Performance Time Stamp Counter                = 0 (0)
00:00:01.930876   PCX_L2I - L2I/L3 Performance Counter Extensions         = 0 (0)
00:00:01.930878   MWAITX - MWAITX and MONITORX instructions               = 0 (0)
00:00:01.930880 Full Name:                       "Intel(R) Core(TM) i7-5500U CPU @ 2.40GHz"
00:00:01.930881 TLB 2/4M Instr/Uni:              res0     0 entries
00:00:01.930882 TLB 2/4M Data:                   res0     0 entries
00:00:01.930883 TLB 4K Instr/Uni:                res0     0 entries
00:00:01.930884 TLB 4K Data:                     res0     0 entries
00:00:01.930885 L1 Instr Cache Line Size:        0 bytes
00:00:01.930886 L1 Instr Cache Lines Per Tag:    0
00:00:01.930887 L1 Instr Cache Associativity:    res0  
00:00:01.930887 L1 Instr Cache Size:             0 KB
00:00:01.930888 L1 Data Cache Line Size:         0 bytes
00:00:01.930889 L1 Data Cache Lines Per Tag:     0
00:00:01.930889 L1 Data Cache Associativity:     res0  
00:00:01.930890 L1 Data Cache Size:              0 KB
00:00:01.930891 L2 TLB 2/4M Instr/Uni:           off       0 entries
00:00:01.930892 L2 TLB 2/4M Data:                off       0 entries
00:00:01.930893 L2 TLB 4K Instr/Uni:             off       0 entries
00:00:01.930893 L2 TLB 4K Data:                  off       0 entries
00:00:01.930894 L2 Cache Line Size:              0 bytes
00:00:01.930895 L2 Cache Lines Per Tag:          0
00:00:01.930895 L2 Cache Associativity:          off   
00:00:01.930896 L2 Cache Size:                   0 KB
00:00:01.930897   TS - Temperature Sensor                                 = 0 (0)
00:00:01.930899   FID - Frequency ID control                              = 0 (0)
00:00:01.930901   VID - Voltage ID control                                = 0 (0)
00:00:01.930903   TscInvariant - Invariant Time Stamp Counter             = 1 (1)
00:00:01.930905   CBP - Core Performance Boost                            = 0 (0)
00:00:01.930906   EffFreqRO - Read-only Effective Frequency Interface     = 0 (0)
00:00:01.930908   ProcFdbkIf - Processor Feedback Interface               = 0 (0)
00:00:01.930909   ProcPwrRep - Core power reporting interface support     = 0 (0)
00:00:01.930912 Physical Address Width:          39 bits
00:00:01.930913 Virtual Address Width:           48 bits
00:00:01.930913 Guest Physical Address Width:    0 bits
00:00:01.930914 Physical Core Count:             1
00:00:01.930917 
00:00:01.930918 ******************** End of CPUID dump **********************
00:00:01.930919 *********************** VT-x features ***********************
00:00:01.930922 Nested hardware virtualization - VMX features
00:00:01.930923   Mnemonic - Description                                  = guest (host)
00:00:01.930923   VMX - Virtual-Machine Extensions                        = 0 (1)
00:00:01.930924   InsOutInfo - INS/OUTS instruction info.                 = 0 (1)
00:00:01.930926   ExtIntExit - External interrupt exiting                 = 0 (1)
00:00:01.930927   NmiExit - NMI exiting                                   = 0 (1)
00:00:01.930928   VirtNmi - Virtual NMIs                                  = 0 (1)
00:00:01.930928   PreemptTimer - VMX preemption timer                     = 0 (1)
00:00:01.930929   PostedInt - Posted interrupts                           = 0 (0)
00:00:01.930930   IntWindowExit - Interrupt-window exiting                = 0 (1)
00:00:01.930931   TscOffsetting - TSC offsetting                          = 0 (1)
00:00:01.930932   HltExit - HLT exiting                                   = 0 (1)
00:00:01.930933   InvlpgExit - INVLPG exiting                             = 0 (1)
00:00:01.930934   MwaitExit - MWAIT exiting                               = 0 (1)
00:00:01.930935   RdpmcExit - RDPMC exiting                               = 0 (1)
00:00:01.930936   RdtscExit - RDTSC exiting                               = 0 (1)
00:00:01.930937   Cr3LoadExit - CR3-load exiting                          = 0 (1)
00:00:01.930938   Cr3StoreExit - CR3-store exiting                        = 0 (1)
00:00:01.930939   TertiaryExecCtls - Activate tertiary controls           = 0 (0)
00:00:01.930940   Cr8LoadExit  - CR8-load exiting                         = 0 (1)
00:00:01.930941   Cr8StoreExit - CR8-store exiting                        = 0 (1)
00:00:01.930942   UseTprShadow - Use TPR shadow                           = 0 (1)
00:00:01.930943   NmiWindowExit - NMI-window exiting                      = 0 (1)
00:00:01.930944   MovDRxExit - Mov-DR exiting                             = 0 (1)
00:00:01.930944   UncondIoExit - Unconditional I/O exiting                = 0 (1)
00:00:01.930945   UseIoBitmaps - Use I/O bitmaps                          = 0 (1)
00:00:01.930946   MonitorTrapFlag - Monitor Trap Flag                     = 0 (1)
00:00:01.930947   UseMsrBitmaps - MSR bitmaps                             = 0 (1)
00:00:01.930948   MonitorExit - MONITOR exiting                           = 0 (1)
00:00:01.930949   PauseExit - PAUSE exiting                               = 0 (1)
00:00:01.930950   SecondaryExecCtl - Activate secondary controls          = 0 (1)
00:00:01.930951   VirtApic - Virtualize-APIC accesses                     = 0 (1)
00:00:01.930952   Ept - Extended Page Tables                              = 0 (1)
00:00:01.930953   DescTableExit - Descriptor-table exiting                = 0 (1)
00:00:01.930954   Rdtscp - Enable RDTSCP                                  = 0 (1)
00:00:01.930955   VirtX2ApicMode - Virtualize-x2APIC mode                 = 0 (1)
00:00:01.930956   Vpid - Enable VPID                                      = 0 (1)
00:00:01.930956   WbinvdExit - WBINVD exiting                             = 0 (1)
00:00:01.930957   UnrestrictedGuest - Unrestricted guest                  = 0 (1)
00:00:01.930958   ApicRegVirt - APIC-register virtualization              = 0 (0)
00:00:01.930959   VirtIntDelivery - Virtual-interrupt delivery            = 0 (0)
00:00:01.930960   PauseLoopExit - PAUSE-loop exiting                      = 0 (1)
00:00:01.930961   RdrandExit - RDRAND exiting                             = 0 (1)
00:00:01.930962   Invpcid - Enable INVPCID                                = 0 (1)
00:00:01.930963   VmFuncs - Enable VM Functions                           = 0 (1)
00:00:01.930964   VmcsShadowing - VMCS shadowing                          = 0 (0)
00:00:01.930965   RdseedExiting - RDSEED exiting                          = 0 (1)
00:00:01.930966   PML - Page-Modification Log (PML)                       = 0 (0)
00:00:01.930967   EptVe - EPT violations can cause #VE                    = 0 (1)
00:00:01.930968   ConcealVmxFromPt - Conceal VMX from Processor Trace     = 0 (0)
00:00:01.930969   XsavesXRstors - Enable XSAVES/XRSTORS                   = 0 (0)
00:00:01.930970   ModeBasedExecuteEpt - Mode-based execute permissions    = 0 (0)
00:00:01.930971   SppEpt - Sub-page page write permissions for EPT        = 0 (0)
00:00:01.930972   PtEpt - Processor Trace address' translatable by EPT    = 0 (0)
00:00:01.930973   UseTscScaling - Use TSC scaling                         = 0 (0)
00:00:01.930974   UserWaitPause - Enable TPAUSE, UMONITOR and UMWAIT      = 0 (0)
00:00:01.930975   EnclvExit - ENCLV exiting                               = 0 (0)
00:00:01.930976   LoadIwKeyExit - LOADIWKEY exiting                       = 0 (0)
00:00:01.930977   EntryLoadDebugCtls - Load debug controls on VM-entry    = 0 (1)
00:00:01.930978   Ia32eModeGuest - IA-32e mode guest                      = 0 (1)
00:00:01.930979   EntryLoadEferMsr - Load IA32_EFER MSR on VM-entry       = 0 (1)
00:00:01.930979   EntryLoadPatMsr - Load IA32_PAT MSR on VM-entry         = 0 (1)
00:00:01.930980   ExitSaveDebugCtls - Save debug controls on VM-exit      = 0 (1)
00:00:01.930981   HostAddrSpaceSize - Host address-space size             = 0 (1)
00:00:01.930982   ExitAckExtInt - Acknowledge interrupt on VM-exit        = 0 (1)
00:00:01.930983   ExitSavePatMsr - Save IA32_PAT MSR on VM-exit           = 0 (1)
00:00:01.930984   ExitLoadPatMsr - Load IA32_PAT MSR on VM-exit           = 0 (1)
00:00:01.930985   ExitSaveEferMsr - Save IA32_EFER MSR on VM-exit         = 0 (1)
00:00:01.930986   ExitLoadEferMsr - Load IA32_EFER MSR on VM-exit         = 0 (1)
00:00:01.930987   SavePreemptTimer - Save VMX-preemption timer            = 0 (1)
00:00:01.930988   ExitSaveEferLma - Save IA32_EFER.LMA on VM-exit         = 0 (1)
00:00:01.930989   IntelPt - Intel PT (Processor Trace) in VMX operation   = 0 (0)
00:00:01.930989   VmwriteAll - VMWRITE to any supported VMCS field        = 0 (1)
00:00:01.930990   EntryInjectSoftInt - Inject softint. with 0-len instr.  = 0 (0)
00:00:01.930991 
00:00:01.930992 ******************* End of VT-x features ********************
00:00:01.931666 VMEmt: Halt method global1 (5)
00:00:01.931796 VMEmt: HaltedGlobal1 config: cNsSpinBlockThresholdCfg=2000
00:00:01.931841 Changing the VM state from 'CREATING' to 'CREATED'
00:00:01.941651 Changing the VM state from 'CREATED' to 'POWERING_ON'
00:00:01.941867 AIOMgr: Endpoints without assigned bandwidth groups:
00:00:01.941877 AIOMgr:     /home/luca/Scrivania/NSD/labs/lab04-VLAN/lab04-VLAN/project-files/virtualbox/5f719a84-ce72-498a-b0c1-a1acdcc27532/cumulus-1/Snapshots/{502c4eef-8b40-48f6-b2a2-6966cff1b4c0}.vmdk
00:00:01.941882 AIOMgr:     /home/luca/Scrivania/NSD/labs/lab04-VLAN/lab04-VLAN/project-files/virtualbox/5f719a84-ce72-498a-b0c1-a1acdcc27532/cumulus-1/Snapshots/{0e5219d9-1f97-4f0f-9bf6-0bf8acc6f261}.vmdk
00:00:01.941886 AIOMgr:     /home/luca/VirtualBox VMs/cumulus-linux-vx-amd64-4.4.1.1019/cumulus-linux-vx-amd64-4.4.1.1019-disk1_1.vmdk
00:00:01.941957 virtioCoreVirtqAvailBufCount: Driver not ready
00:00:01.941974 virtioCoreVirtqAvailBufCount: Driver not ready
00:00:01.942001 virtioCoreVirtqAvailBufCount: Driver not ready
00:00:01.942073 virtioCoreVirtqAvailBufCount: Driver not ready
00:00:01.942120 virtioCoreVirtqAvailBufCount: Driver not ready
00:00:01.942145 virtioCoreVirtqAvailBufCount: Driver not ready
00:00:01.942201 virtioCoreVirtqAvailBufCount: Driver not ready
00:00:01.942238 virtioCoreVirtqAvailBufCount: Driver not ready
00:00:01.942533 Changing the VM state from 'POWERING_ON' to 'RUNNING'
00:00:01.942542 Console: Machine state changed to 'Running'
00:00:01.944451 VMMDev: Guest Log: BIOS: VirtualBox 7.0.2
00:00:01.944648 PCI: Setting up resources and interrupts
00:00:01.945143 PIT: mode=2 count=0x10000 (65536) - 18.20 Hz (ch=0)
00:00:01.953711 GUI: UIMachineViewNormal::resendSizeHint: Restoring guest size-hint for screen 0 to 800x600
00:00:01.954921 GUI: HID LEDs sync is not supported on this platform
00:00:01.970492 Display::i_handleDisplayResize: uScreenId=0 pvVRAM=0000000000000000 w=720 h=400 bpp=0 cbLine=0x0 flags=0x0 origin=0,0
00:00:01.970858 VMMDev: Guest Log: CPUID EDX: 0x178bfbff
00:00:01.979619 VMMDev: Guest Log: BIOS: SCSI 0-ID#0: LCHS=783/255/63 0x0000000000c00000 sectors
00:00:01.979677 LsiLogic#0: 1/0 (Bus/Target) doesn't exist
00:00:01.979685 LsiLogic#0: Guest issued CDB {0x12, 0x0, 0x0, 0x0, 0x5, 0x0}
00:00:01.979737 LsiLogic#0: 2/0 (Bus/Target) doesn't exist
00:00:01.979742 LsiLogic#0: Guest issued CDB {0x12, 0x0, 0x0, 0x0, 0x5, 0x0}
00:00:01.979785 LsiLogic#0: 3/0 (Bus/Target) doesn't exist
00:00:01.979790 LsiLogic#0: Guest issued CDB {0x12, 0x0, 0x0, 0x0, 0x5, 0x0}
00:00:01.979844 LsiLogic#0: 4/0 (Bus/Target) doesn't exist
00:00:01.979858 LsiLogic#0: Guest issued CDB {0x12, 0x0, 0x0, 0x0, 0x5, 0x0}
00:00:01.979911 LsiLogic#0: 5/0 (Bus/Target) doesn't exist
00:00:01.979917 LsiLogic#0: Guest issued CDB {0x12, 0x0, 0x0, 0x0, 0x5, 0x0}
00:00:01.979950 LsiLogic#0: 6/0 (Bus/Target) doesn't exist
00:00:01.979955 LsiLogic#0: Guest issued CDB {0x12, 0x0, 0x0, 0x0, 0x5, 0x0}
00:00:01.979998 LsiLogic#0: 7/0 (Bus/Target) doesn't exist
00:00:01.980002 LsiLogic#0: Guest issued CDB {0x12, 0x0, 0x0, 0x0, 0x5, 0x0}
00:00:01.980034 LsiLogic#0: 8/0 (Bus/Target) doesn't exist
00:00:01.980037 LsiLogic#0: Guest issued CDB {0x12, 0x0, 0x0, 0x0, 0x5, 0x0}
00:00:01.980066 LsiLogic#0: 9/0 (Bus/Target) doesn't exist
00:00:01.980070 LsiLogic#0: Guest issued CDB {0x12, 0x0, 0x0, 0x0, 0x5, 0x0}
00:00:01.980100 LsiLogic#0: 10/0 (Bus/Target) doesn't exist
00:00:01.980103 LsiLogic#0: Guest issued CDB {0x12, 0x0, 0x0, 0x0, 0x5, 0x0}
00:00:01.980133 LsiLogic#0: 11/0 (Bus/Target) doesn't exist
00:00:01.980137 LsiLogic#0: Guest issued CDB {0x12, 0x0, 0x0, 0x0, 0x5, 0x0}
00:00:01.980167 LsiLogic#0: 12/0 (Bus/Target) doesn't exist
00:00:01.980170 LsiLogic#0: Guest issued CDB {0x12, 0x0, 0x0, 0x0, 0x5, 0x0}
00:00:01.980199 LsiLogic#0: 13/0 (Bus/Target) doesn't exist
00:00:01.980203 LsiLogic#0: Guest issued CDB {0x12, 0x0, 0x0, 0x0, 0x5, 0x0}
00:00:01.980233 LsiLogic#0: 14/0 (Bus/Target) doesn't exist
00:00:01.980236 LsiLogic#0: Guest issued CDB {0x12, 0x0, 0x0, 0x0, 0x5, 0x0}
00:00:01.980265 LsiLogic#0: 15/0 (Bus/Target) doesn't exist
00:00:01.980268 LsiLogic#0: Guest issued CDB {0x12, 0x0, 0x0, 0x0, 0x5, 0x0}
00:00:01.983530 PIT: mode=2 count=0x48d3 (18643) - 64.00 Hz (ch=0)
00:00:01.988464 GUI: UIMachineLogicNormal::sltCheckForRequestedVisualStateType: Requested-state=1, Machine-state=6
00:00:01.999090 Display::i_handleDisplayResize: uScreenId=0 pvVRAM=00007f1e94c85000 w=640 h=480 bpp=32 cbLine=0xA00 flags=0x0 origin=0,0
00:00:02.208985 GUI: UIMediumEnumerator: Medium-enumeration finished!
00:00:02.383647 GUI: UIMediumEnumerator: Medium-enumeration finished!
00:00:04.463712 PIT: mode=2 count=0x10000 (65536) - 18.20 Hz (ch=0)
00:00:04.464083 VMMDev: Guest Log: BIOS: Boot : bseqnr=1, bootseq=0231
00:00:04.467890 Display::i_handleDisplayResize: uScreenId=0 pvVRAM=0000000000000000 w=720 h=400 bpp=0 cbLine=0x0 flags=0x0 origin=0,0
00:00:04.574477 VMMDev: Guest Log: BIOS: Boot from Floppy 0 failed
00:00:04.574761 VMMDev: Guest Log: BIOS: Boot : bseqnr=2, bootseq=0023
00:00:04.575024 VMMDev: Guest Log: BIOS: CDROM boot failure code : 0002
00:00:04.575233 VMMDev: Guest Log: BIOS: Boot from CD-ROM failed
00:00:04.575534 VMMDev: Guest Log: BIOS: Boot : bseqnr=3, bootseq=0002
00:00:04.576834 VMMDev: Guest Log: BIOS: Booting from Hard Disk...
00:00:04.793426 Display::i_handleDisplayResize: uScreenId=0 pvVRAM=00007f1e94c85000 w=640 h=480 bpp=32 cbLine=0xA00 flags=0x0 origin=0,0
00:00:04.845985 GUI: UIMediumEnumerator: Medium-enumeration finished!
00:00:05.243654 GUI: UIMediumEnumerator: Medium-enumeration finished!
00:00:10.066357 Display::i_handleDisplayResize: uScreenId=0 pvVRAM=0000000000000000 w=720 h=400 bpp=0 cbLine=0x0 flags=0x0 origin=0,0
00:00:10.429582 GUI: UIMediumEnumerator: Medium-enumeration finished!
00:00:10.713410 GIM: KVM: VCPU  0: Enabled system-time struct. at 0x0000000002517000 - u32TscScale=0xd5cca50e i8TscShift=-1 uVersion=2 fFlags=0x1 uTsc=0x4e3cdc5ab uVirtNanoTS=0x20ab97241 TscKHz=2394768
00:00:10.713487 TM: Switching TSC mode from 'VirtTSCEmulated' to 'RealTSCOffset'
00:00:10.766131 GIM: KVM: Enabled wall-clock struct. at 0x0000000002516008 - u32Sec=1669133312 u32Nano=798116362 uVersion=2
00:00:10.771480 PIT: mode=2 count=0x4a9 (1193) - 1000.15 Hz (ch=0)
00:00:10.775584 APIC0: Switched mode to x2APIC
00:00:10.880627 PIT: mode=0 count=0x10000 (65536) - 18.20 Hz (ch=0)
00:00:10.883075 APIC1: Switched mode to x2APIC
00:00:10.882995 GIM: KVM: VCPU  1: Enabled system-time struct. at 0x0000000002517040 - u32TscScale=0xd5cca50e i8TscShift=-1 uVersion=2 fFlags=0x1 uTsc=0x4fc0582c7 uVirtNanoTS=0x214d65071 TscKHz=2394768
00:00:19.615544 LsiLogic#0: 1/0 (Bus/Target) doesn't exist
00:00:19.615569 LsiLogic#0: Guest issued CDB {0x12, 0x0, 0x0, 0x0, 0x24, 0x0}
00:00:19.616155 LsiLogic#0: 2/0 (Bus/Target) doesn't exist
00:00:19.616163 LsiLogic#0: Guest issued CDB {0x12, 0x0, 0x0, 0x0, 0x24, 0x0}
00:00:19.616389 LsiLogic#0: 3/0 (Bus/Target) doesn't exist
00:00:19.616400 LsiLogic#0: Guest issued CDB {0x12, 0x0, 0x0, 0x0, 0x24, 0x0}
00:00:19.616625 LsiLogic#0: 4/0 (Bus/Target) doesn't exist
00:00:19.616633 LsiLogic#0: Guest issued CDB {0x12, 0x0, 0x0, 0x0, 0x24, 0x0}
00:00:19.617002 LsiLogic#0: 5/0 (Bus/Target) doesn't exist
00:00:19.617025 LsiLogic#0: Guest issued CDB {0x12, 0x0, 0x0, 0x0, 0x24, 0x0}
00:00:19.617378 LsiLogic#0: 6/0 (Bus/Target) doesn't exist
00:00:19.617385 LsiLogic#0: Guest issued CDB {0x12, 0x0, 0x0, 0x0, 0x24, 0x0}
00:00:19.617620 LsiLogic#0: 8/0 (Bus/Target) doesn't exist
00:00:19.617625 LsiLogic#0: Guest issued CDB {0x12, 0x0, 0x0, 0x0, 0x24, 0x0}
00:00:19.617907 LsiLogic#0: 9/0 (Bus/Target) doesn't exist
00:00:19.617911 LsiLogic#0: Guest issued CDB {0x12, 0x0, 0x0, 0x0, 0x24, 0x0}
00:00:19.618191 LsiLogic#0: 10/0 (Bus/Target) doesn't exist
00:00:19.618195 LsiLogic#0: Guest issued CDB {0x12, 0x0, 0x0, 0x0, 0x24, 0x0}
00:00:19.618425 LsiLogic#0: 11/0 (Bus/Target) doesn't exist
00:00:19.618437 LsiLogic#0: Guest issued CDB {0x12, 0x0, 0x0, 0x0, 0x24, 0x0}
00:00:19.618730 LsiLogic#0: 12/0 (Bus/Target) doesn't exist
00:00:19.618742 LsiLogic#0: Guest issued CDB {0x12, 0x0, 0x0, 0x0, 0x24, 0x0}
00:00:19.618920 LsiLogic#0: 13/0 (Bus/Target) doesn't exist
00:00:19.618929 LsiLogic#0: Guest issued CDB {0x12, 0x0, 0x0, 0x0, 0x24, 0x0}
00:00:19.619119 LsiLogic#0: 14/0 (Bus/Target) doesn't exist
00:00:19.619127 LsiLogic#0: Guest issued CDB {0x12, 0x0, 0x0, 0x0, 0x24, 0x0}
00:00:19.619600 LsiLogic#0: 15/0 (Bus/Target) doesn't exist
00:00:19.619609 LsiLogic#0: Guest issued CDB {0x12, 0x0, 0x0, 0x0, 0x24, 0x0}
00:00:22.939915 VMMDev: Guest Additions information report: Version 6.0.14 r133895 '6.0.14'
00:00:22.940069 VMMDev: Guest Additions information report: Interface = 0x00010004 osType = 0x00053100 (Linux >= 2.6, 64-bit)
00:00:22.940324 GUI: UISession::sltAdditionsChange: GA state change event came, notifying listeners
00:00:22.940363 VMMDev: Guest Additions capability report: (0x0 -> 0x0) seamless: no, hostWindowMapping: no, graphics: no
00:00:22.940381 GUI: UIMachineLogicNormal::sltCheckForRequestedVisualStateType: Requested-state=1, Machine-state=6
00:00:22.940455 VMMDev: vmmDevReqHandler_HeartbeatConfigure: No change (fHeartbeatActive=false)
00:00:22.940499 GUI: UISession::sltAdditionsChange: GA state change event came, notifying listeners
00:00:22.940506 GUI: UIMachineLogicNormal::sltCheckForRequestedVisualStateType: Requested-state=1, Machine-state=6
00:00:22.940543 VMMDev: Heartbeat flatline timer set to trigger after 4 000 000 000 ns
00:00:22.940772 VMMDev: Guest Log: vgdrvHeartbeatInit: Setting up heartbeat to trigger every 2000 milliseconds
00:00:22.944858 GUI: UISession::sltAdditionsChange: GA state really changed, notifying listeners
00:00:22.944884 GUI: UIMachineViewNormal::adjustGuestScreenSize: Adjust guest-screen size if necessary
00:00:22.944908 GUI: UISession::sltAdditionsChange: GA state change event came, notifying listeners
00:00:22.944914 GUI: UIMachineLogicNormal::sltCheckForRequestedVisualStateType: Requested-state=1, Machine-state=6
00:00:22.945364 VMMDev: Guest Additions capability report: (0x0 -> 0x0) seamless: no, hostWindowMapping: no, graphics: no
00:00:22.945455 GUI: UISession::sltAdditionsChange: GA state change event came, notifying listeners
00:00:22.945464 GUI: UIMachineLogicNormal::sltCheckForRequestedVisualStateType: Requested-state=1, Machine-state=6
00:00:22.949983 VMMDev: Guest Log: vboxguest: misc device minor 58, IRQ 20, I/O port d040, MMIO at 00000000f0400000 (size 0x400000)
00:00:23.420750 Display::i_handleDisplayResize: uScreenId=0 pvVRAM=00007f1e94c85000 w=800 h=600 bpp=32 cbLine=0xC80 flags=0x1 origin=0,0
00:00:23.833503 GUI: UIMediumEnumerator: Medium-enumeration finished!
